
2024-04-10 18:00:02.156 #ffffff|-나는 못 믿어도 오빠는 믿는다 그런
2024-04-10 18:00:03.863 #ffffff|식으로.
2024-04-10 18:00:05.219 #ffffff|-오래 알았으니까.
2024-04-10 18:00:06.455 #ffffff|-그건 아니잖아요.
2024-04-10 18:00:07.596 #ffffff|-다른 남자도 아니고 오빠랑 나를 의심해?
2024-04-10 18:00:09.652 #ffffff|-자기 하는 행동이 그러잖아.
2024-04-10 18:00:14.752 #ffffff|-그거야, 그거 의심병.
2024-04-10 18:00:15.967 #ffffff|-그러면 내가 하는 말은 너는 상처받고
2024-04-10 18:00:18.159 #ffffff|네가 의심하고 뭐 하는 것은 나는 스트레스
2024-04-10 18:00:20.761 #ffffff|안 받는 거야?
2024-04-10 18:00:22.390 #ffffff|-화가 나죠, 솔직히.
2024-04-10 18:00:24.884 #ffffff|그러니까 있지도 않는 걸 계속 의심을
2024-04-10 18:00:28.659 #ffffff|하니까.
2024-04-10 18:00:30.817 #ffffff|-내가 뭐 잘못했냐, 의심 따라다니지.
2024-04-10 18:00:33.547 #ffffff|-서로 서로 의심을.
2024-04-10 18:00:36.341 #ffffff|-제가 이런 부분, 의심하는 부분에 대해서
2024-04-10 18:00:40.629 #ffffff|많이 고쳐주셨으면 좋겠어요.
2024-04-10 18:00:46.255 #ffffff|-이거 엄청 심각한데요?
2024-04-10 18:00:49.344 #ffffff|-너무 너무 간절해 보입니다.
2024-04-10 18:00:50.844 #ffffff|이게 도대체 어떤 문제가 있는지 두 분을
2024-04-10 18:00:54.098 #ffffff|얼른 모셔서 이야기를 나눠 보도록 할게요.
2024-04-10 18:00:58.116 #ffffff|두 분 나와주세요.
2024-04-10 18:01:01.905 #ffffff|-어서 오세요.
2024-04-10 18:01:05.338 #ffffff|-안녕하세요?
2024-04-10 18:01:07.820 #ffffff|어서오세요.
2024-04-10 18:01:08.790 #ffffff|-반갑습니다.
2024-04-10 18:01:08.851 #ffffff|어서오세요.
2024-04-10 18:01:09.444 #ffffff|-앉아 주시고요.
2024-04-10 18:01:09.975 #ffffff|반갑습니다.
2024-04-10 18:01:10.432 #ffffff|자기소개 부탁드릴게요.
2024-04-10 18:01:11.192 #ffffff|-광주에서 온 결혼 7년 차 47세
2024-04-10 18:01:14.238 #ffffff|이성만입니다.
2024-04-10 18:01:15.022 #ffffff|-먼 걸음 하셨습니다.
2024-04-10 18:01:16.557 #ffffff|-광주에서 오신.
2024-04-10 18:01:18.111 #ffffff|-광주에서 온 32살 정환희입니다.
2024-04-10 18:01:22.760 #ffffff|-왜 벌써부터.
2024-04-10 18:01:25.055 #ffffff|-벌써부터 좀 힘드신가 봐요.
2024-04-10 18:01:29.333 #ffffff|-15살 차이네요.
2024-04-10 18:01:30.353 #ffffff|-나이 차가 꽤.
2024-04-10 18:01:31.386 #ffffff|-저도 15살 차이예요.
2024-04-10 18:01:32.396 #ffffff|-진짜요?
2024-04-10 18:01:32.928 #ffffff|-네.
2024-04-10 18:01:33.438 #ffffff|-두 분이 어떻게 만나신 거예요?
2024-04-10 18:01:35.056 #ffffff|-그냥 아는 동생 소개로.
2024-04-10 18:01:40.960 #ffffff|-소개로?
2024-04-10 18:01:41.601 #ffffff|-소개로.
2024-04-10 18:01:42.322 #ffffff|-12월 몇 달 만에 같이 살고.
2024-04-10 18:01:44.261 #ffffff|-동거를 하고.
2024-04-10 18:01:45.898 #ffffff|-혼인신고는 1년이나 지났나 잘
2024-04-10 18:01:50.283 #ffffff|모르겠네요.
2024-04-10 18:01:53.886 #ffffff|-혼인신고도 하시고.
2024-04-10 18:01:54.476 #ffffff|-어느 분이 결혼지옥에 신청하신
2024-04-10 18:02:00.148 #ffffff|건가요?
2024-04-10 18:02:00.927 #ffffff|-제가요.
2024-04-10 18:02:02.391 #ffffff|-환희 씨가요.
2024-04-10 18:02:03.632 #ffffff|-어느 부분에 있어서 신청하게 된 걸까요?
2024-04-10 18:02:06.909 #ffffff|-제가 좀 남편을 의심하는 게 있어요.
2024-04-10 18:02:08.004 #ffffff|그것도 그렇고 남편의 말, 태도 때문에
2024-04-10 18:02:09.952 #ffffff|너무 힘들어서.
2024-04-10 18:02:13.271 #ffffff|-의심을 한다는 것 자체가 본인도 굉장히
2024-04-10 18:02:15.512 #ffffff|힘든 거거든요.
2024-04-10 18:02:15.807 #ffffff|-힘들죠.
2024-04-10 18:02:16.172 #ffffff|-그러니까 눈물이 터지고.
2024-04-10 18:02:17.437 #ffffff|-제 남편은 그게 자신을 괴롭히려고 일부러
2024-04-10 18:02:20.188 #ffffff|한다.
2024-04-10 18:02:20.766 #ffffff|그렇게 하더라고요, 말을.
2024-04-10 18:02:24.284 #ffffff|제가 이때까지 제가 부모 사랑을 못 받고
2024-04-10 18:02:27.800 #ffffff|컸어요.
2024-04-10 18:02:28.238 #ffffff|그런데 나도 결혼하면 남편이 사랑을
2024-04-10 18:02:30.910 #ffffff|해주겠지.
2024-04-10 18:02:31.502 #ffffff|그 생각으로 이 사람하고 결혼한 거거든요.
2024-04-10 18:02:34.264 #ffffff|그런데 이 사람은 저를 등지려고 해요.
2024-04-10 18:02:38.657 #ffffff|-그게 이제 하루 걸러 하루 하니까.
2024-04-10 18:02:42.821 #ffffff|그냥 불특정 다수.
2024-04-10 18:02:45.658 #ffffff|여자들.
2024-04-10 18:02:46.717 #ffffff|그 여자한테 전화번호 땄다며?
2024-04-10 18:02:51.721 #ffffff|만나자고 했다며?
2024-04-10 18:02:52.725 #ffffff|사귀자고 했다며?
2024-04-10 18:02:53.756 #ffffff|그런 식으로 해버리니까 할 말이 없는
2024-04-10 18:02:55.599 #ffffff|거예요.
2024-04-10 18:02:55.954 #ffffff|그래서 싸우게 되고.
2024-04-10 18:02:58.350 #ffffff|-아내는 의심을 하게 되는 본인 자신이
2024-04-10 18:03:00.727 #ffffff|힘들고.
2024-04-10 18:03:01.401 #ffffff|-네, 너무 힘들어요.
2024-04-10 18:03:02.755 #ffffff|-남편이 내 편이 아닌 거 같아서 힘들고.
2024-04-10 18:03:05.845 #ffffff|우리 남편분은 의심을 받게 되어서 너무
2024-04-10 18:03:09.233 #ffffff|괴롭고.
2024-04-10 18:03:09.673 #ffffff|억지를 부리는 아내가 너무 힘들고 지금
2024-04-10 18:03:11.822 #ffffff|그런 상황이네요.
2024-04-10 18:03:15.755 #ffffff|작은 일이 아닌데요?
2024-04-10 18:03:18.308 #ffffff|-저희가 찍어놓은 영상이 많이 있으니까요.
2024-04-10 18:03:20.518 #ffffff|또 영상 보면서 어떤 문제가 이 두 분을
2024-04-10 18:03:21.115 #ffffff|불안하게 하고 의심하게 만드는지 영상
2024-04-10 18:03:26.434 #ffffff|보면서 이야기를 나눠보도록 할게요.
2024-04-10 18:03:37.438 #ffffff|-지금 몇 시야?
2024-04-10 18:03:38.666 #ffffff|-5시야.
2024-04-10 18:03:41.044 #ffffff|-새벽 5시?
2024-04-10 18:03:42.070 #ffffff|-왜 이렇게 두 분 다 일찍 일어나셔?
2024-04-10 18:03:44.937 #ffffff|-옷 갖다 줄게.
2024-04-10 18:03:51.734 #ffffff|-부지런하신데요?
2024-04-10 18:03:52.421 #ffffff|-출근하시는구나.
2024-04-10 18:03:53.531 #ffffff|-너무 일찍이다.
2024-04-10 18:03:54.923 #ffffff|-아침에 5시에 일어나서 남편 깨워서
2024-04-10 18:03:58.934 #ffffff|출근시키고 집에서 빨래하고 아기 돌보고
2024-04-10 18:04:06.036 #ffffff|그러는 편이죠.
2024-04-10 18:04:06.966 #ffffff|-애는 새벽 5시에.
2024-04-10 18:04:08.130 #ffffff|-아기 왜 이렇게 일찍 일어나?
2024-04-10 18:04:09.909 #ffffff|어디 가?
2024-04-10 18:04:10.671 #ffffff|-그냥 집에 있지,  뭘 따라와.
2024-04-10 18:04:18.270 #ffffff|-어디 가.
2024-04-10 18:04:19.160 #ffffff|-왜 아기를 데리고, 어머 왜?
2024-04-10 18:04:25.998 #ffffff|-택시로?
2024-04-10 18:04:26.641 #ffffff|-택시로 출근을 하세요?
2024-04-10 18:04:29.075 #ffffff|-같이  일하시나?
2024-04-10 18:04:32.793 #ffffff|-그런데 굳이 둘이 왔다 갔다 해야 해?
2024-04-10 18:04:36.977 #ffffff|그냥 혼자 알아서 가도 되는데.
2024-04-10 18:04:40.241 #ffffff|-심심하니까.
2024-04-10 18:04:43.256 #ffffff|-애는 안 심심한데.
2024-04-10 18:04:45.501 #ffffff|-할 게 없으니까.
2024-04-10 18:04:47.301 #ffffff|집안일 끝나면 맨날 누워 있어야만 한다고.
2024-04-10 18:04:53.062 #ffffff|-애 재우고 돌아다니면 되지, 조금.
2024-04-10 18:04:55.029 #ffffff|앞에 공원 있잖아.
2024-04-10 18:04:55.911 #ffffff|공원에 좀 돌아다니면 되지.
2024-04-10 18:05:02.743 #ffffff|-그러니까 옛날에 남편이 그런 상처를
2024-04-10 18:05:07.133 #ffffff|줬어요.
2024-04-10 18:05:07.661 #ffffff|한번은 일하는 곳에 데려다 줬는데 이게
2024-04-10 18:05:10.747 #ffffff|일을 안 하고 도망을 간 거예요.
2024-04-10 18:05:14.565 #ffffff|다른 데 일을 안 가고 도망간 적이 있어서
2024-04-10 18:05:17.583 #ffffff|제가 그렇게 보낸 거죠.
2024-04-10 18:05:19.030 #ffffff|-옆으로 샐까 봐?
2024-04-10 18:05:20.697 #ffffff|-어차피 혼자 가도 되는데 굳이 같이
2024-04-10 18:05:22.693 #ffffff|가려고 하니까 힘들고.
2024-04-10 18:05:24.163 #ffffff|-그렇지.
2024-04-10 18:05:24.920 #ffffff|-그런 부분을 갖다 이야기해도 여자가
2024-04-10 18:05:28.268 #ffffff|있어서 여자가 오라 했다고 여자 관계, 나
2024-04-10 18:05:31.551 #ffffff|빼놓고 여자 만나러 간다.
2024-04-10 18:05:33.890 #ffffff|좀 짜증나는 거죠.
2024-04-10 18:05:35.148 #ffffff|내가 뭐 잘못한 게 있나, 왜 의심이
2024-04-10 18:05:38.776 #ffffff|따라다니지?
2024-04-10 18:05:48.013 #ffffff|-여기에서  세워주세요.
2024-04-10 18:05:49.929 #ffffff|-잘 갔다 와.
2024-04-10 18:05:54.563 #ffffff|-알았어.
2024-04-10 18:05:55.550 #ffffff|-아빠, 빠빠.
2024-04-10 18:05:56.196 #ffffff|-빠빠.
2024-04-10 18:06:01.137 #ffffff|-이러고 그대로 그냥 가시는 거예요?
2024-04-10 18:06:05.270 #ffffff|-여기에서...
2024-04-10 18:06:05.804 #ffffff|-내려 드리고 도로 가시는 거예요?
2024-04-10 18:06:13.090 #ffffff|-집으로 다시 가시는 거예요?
2024-04-10 18:06:13.988 #ffffff|-출근을 확인을 하고.
2024-04-10 18:06:21.726 #ffffff|-와이프 안 왔냐?
2024-04-10 18:06:22.889 #ffffff|와이프 안 왔어?
2024-04-10 18:06:24.219 #ffffff|-왔어요.
2024-04-10 18:06:25.613 #ffffff|-다 알고 계시나 봐요.
2024-04-10 18:06:27.886 #ffffff|-이미.
2024-04-10 18:06:29.099 #ffffff|다 알고 계시는구먼.
2024-04-10 18:06:31.542 #ffffff|-건설 일용직으로 일하고 있어요.
2024-04-10 18:06:32.896 #ffffff|일 갈 때가 편하죠.
2024-04-10 18:06:35.320 #ffffff|사람들과 별말 안 해도.
2024-04-10 18:06:37.366 #ffffff|-친하시네.
2024-04-10 18:06:38.057 #ffffff|-농담 따먹기 아닌 농담을 하더라도 의심은
2024-04-10 18:06:40.551 #ffffff|받지 않으니까.
2024-04-10 18:06:41.356 #ffffff|-의심만 안 받고 싶으신가 보다.
2024-04-10 18:06:45.109 #ffffff|-오늘 일이 없나?
2024-04-10 18:06:53.140 #ffffff|-겨울에만 좀 텀이 있죠.
2024-04-10 18:06:55.151 #ffffff|-아무래도.
2024-04-10 18:06:55.855 #ffffff|-일주일에 2, 3일 3일 정도 일하고 며칠
2024-04-10 18:06:59.868 #ffffff|쉬고.
2024-04-10 18:07:00.687 #ffffff|그만하고 싶을 때도 있고 회사 다니고 싶을
2024-04-10 18:07:04.425 #ffffff|때도 있는데 회사 다니면 그 회사 얼마 못
2024-04-10 18:07:07.597 #ffffff|다닐 거 같으니까.
2024-04-10 18:07:09.425 #ffffff|말은 회사 들어가라, 그렇게는 하는데 여자
2024-04-10 18:07:14.134 #ffffff|있는 데는 안 된다고 하니까.
2024-04-10 18:07:15.679 #ffffff|-그래서 못 가시는 거예요?
2024-04-10 18:07:22.067 #ffffff|-뜨거워?
2024-04-10 18:07:26.722 #ffffff|-일찍 깨 있는 거야.
2024-04-10 18:07:29.300 #ffffff|-아기가 진짜 얌전하네.
2024-04-10 18:07:34.702 #ffffff|-한 번을 울지도 않고.
2024-04-10 18:07:54.301 #ffffff|-뭐 기다리는 전화가 있나, 계속 보시네요.
2024-04-10 18:07:58.372 #ffffff|-썸 탈 때 이러는데.
2024-04-10 18:08:10.653 #ffffff|-그냥 불안해요.
2024-04-10 18:08:12.170 #ffffff|예전에도 그랬으니까 또 다른 데 튀지
2024-04-10 18:08:14.651 #ffffff|않을까?
2024-04-10 18:08:15.361 #ffffff|그런 불안감도 있고 또 다른 데 가서 뭐
2024-04-10 18:08:17.959 #ffffff|할까?
2024-04-10 18:08:18.516 #ffffff|그런 의심도 되고.
2024-04-10 18:08:19.899 #ffffff|-진짜요?
2024-04-10 18:08:29.665 #ffffff|-그런데 아직 아침 시간이잖아요.
2024-04-10 18:08:32.670 #ffffff|-7시도 안 됐지, 뭐.
2024-04-10 18:08:37.689 #ffffff|-아기 아빠 일 갔어?
2024-04-10 18:08:41.713 #ffffff|아기 아빠 봤어?
2024-04-10 18:08:48.278 #ffffff|오랜만에 봤네.
2024-04-10 18:08:50.389 #ffffff|-동생한테?
2024-04-10 18:08:51.308 #ffffff|-둘이 또 장난치고 놀았겠네?
2024-04-10 18:08:55.309 #ffffff|응, 수고해, 오빠.
2024-04-10 18:09:00.404 #ffffff|-확인이 되니까 조금 마음이 편하신 것
2024-04-10 18:09:03.368 #ffffff|같아요.
2024-04-10 18:09:11.435 #ffffff|-오늘.
2024-04-10 18:09:15.417 #ffffff|-겨울이니까 아무래도 일이 좀 없죠,
2024-04-10 18:09:18.859 #ffffff|그렇죠?
2024-04-10 18:09:19.413 #ffffff|-그렇죠.
2024-04-10 18:09:23.485 #ffffff|-공중전화?
2024-04-10 18:09:24.265 #ffffff|-(안내 멘트) 콜렉트 콜입니다.
2024-04-10 18:09:28.217 #ffffff|상대방을 확인하세요.
2024-04-10 18:09:30.608 #ffffff|-21세기에?
2024-04-10 18:09:31.008 #ffffff|-응.
2024-04-10 18:09:31.516 #ffffff|-일이 없어.
2024-04-10 18:09:32.419 #ffffff|일이 없다.
2024-04-10 18:09:35.961 #ffffff|-알고 있어.
2024-04-10 18:09:36.756 #ffffff|-응?
2024-04-10 18:09:37.382 #ffffff|-알고 있다고.
2024-04-10 18:09:39.725 #ffffff|-알았어, 바로 갈게.갈게.
2024-04-10 18:09:43.008 #ffffff|-휴대전화가 없으...
2024-04-10 18:09:46.274 #ffffff|-어머.
2024-04-10 18:09:47.020 #ffffff|-휴대전화가 없으신가?
2024-04-10 18:09:47.701 #ffffff|-네.
2024-04-10 18:09:52.801 #ffffff|-저랑 있을 때 문자가 왔어요.
2024-04-10 18:09:56.629 #ffffff|뭐 오빠 어디냐, 오빠 뭐 하냐.
2024-04-10 18:09:58.959 #ffffff|그런데 그 사람은 제가 저랑 같이 있는 걸
2024-04-10 18:10:01.775 #ffffff|말을 안 하더라고요.
2024-04-10 18:10:04.254 #ffffff|그러니까 그때부터 의심이 또 가기
2024-04-10 18:10:07.964 #ffffff|시작했죠.
2024-04-10 18:10:08.396 #ffffff|너 그럴 거면 아는 여동생이랑 통화를 할
2024-04-10 18:10:12.695 #ffffff|거면 휴대전화를 없애라.
2024-04-10 18:10:14.045 #ffffff|제가 그런 적도 있고요.
2024-04-10 18:10:16.554 #ffffff|-숨기는 것도 아니고 굳이 연락, 전화도 안
2024-04-10 18:10:18.803 #ffffff|했는데 내가 누구하고 산다.
2024-04-10 18:10:20.178 #ffffff|누구하고 산다.
2024-04-10 18:10:22.048 #ffffff|그걸 광고할 필요없잖아요.
2024-04-10 18:10:23.284 #ffffff|통화도 안 하고 있었는데, 그때 당시에.
2024-04-10 18:10:26.352 #ffffff|한 7, 8년.
2024-04-10 18:10:32.337 #ffffff|-진짜요?
2024-04-10 18:10:33.314 #ffffff|-답답하죠.
2024-04-10 18:10:33.722 #ffffff|괜히 했나 그러고.
2024-04-10 18:10:35.950 #ffffff|최근에 굉장히 답답해서.
2024-04-10 18:10:40.405 #ffffff|휴대전화 없으니까
2024-04-10 18:10:44.171 #ffffff|진짜 답답하더라고요.
2024-04-10 18:10:44.962 #ffffff|처음에 있다가 없으니까.
2024-04-10 18:10:45.725 #ffffff|자꾸 의심 그런 것도 하고 그런 부분이
2024-04-10 18:10:48.473 #ffffff|귀찮고 짜증나고 하니까 안 만든 거죠.
2024-04-10 18:10:53.429 #ffffff|-차라리 불편한 게 낫겠다?
2024-04-10 18:10:55.976 #ffffff|-네.
2024-04-10 18:10:56.314 #ffffff|-그런 마음이셨군요.
2024-04-10 18:11:05.195 #ffffff|-딸.
2024-04-10 18:11:05.910 #ffffff|-아빠 오니까 좋아하는 거 봐.
2024-04-10 18:11:08.786 #ffffff|-하...
2024-04-10 18:11:12.235 #ffffff|-왜 화나셨지?
2024-04-10 18:11:14.101 #ffffff|-응?
2024-04-10 18:11:19.212 #ffffff|-아니, 못 지킬 말을 하질 말든가.
2024-04-10 18:11:25.100 #ffffff|-뭐를?
2024-04-10 18:11:26.542 #ffffff|-아니, 11시에 전화를 해서 무슨 1시간이
2024-04-10 18:11:28.769 #ffffff|걸려?
2024-04-10 18:11:28.921 #ffffff|아니 못 지킬 말을 애초에 하지 말든가.
2024-04-10 18:11:31.379 #ffffff|-뭐가 문제인데, 도대체.
2024-04-10 18:11:34.368 #ffffff|-어디 어디 돌아다녔는지 그대로 말해.
2024-04-10 18:11:46.890 #ffffff|-어디 어디 돌아다녔는지?
2024-04-10 18:11:50.376 #ffffff|-머리 짜지 말고.
2024-04-10 18:11:51.562 #ffffff|-응?
2024-04-10 18:11:51.965 #ffffff|-머리 짜지 말고.
2024-04-10 18:11:53.295 #ffffff|-뭐 머리를 짜.
2024-04-10 18:11:55.633 #ffffff|짤 게 뭐가 있는데, 누구하고 짜.
2024-04-10 18:11:57.452 #ffffff|그냥 늦게 오면 한 바퀴 돌고 왔다 그러면
2024-04-10 18:12:00.067 #ffffff|그냥 그런가보다 하면 되지 뭐 그거
2024-04-10 18:12:02.714 #ffffff|가지고.
2024-04-10 18:12:03.272 #ffffff|-지키지 못할 말을 하지 마, 애초에.
2024-04-10 18:12:06.125 #ffffff|미리 전화해서 선수치지 말고.
2024-04-10 18:12:08.876 #ffffff|온다고.
2024-04-10 18:12:09.399 #ffffff|-왔냐.
2024-04-10 18:12:10.094 #ffffff|-그때 그 시간에 와야지.
2024-04-10 18:12:12.057 #ffffff|-그 시간이 언젠데.
2024-04-10 18:12:15.151 #ffffff|뭐 나 갈게 하고 그냥 날아오냐, 내가
2024-04-10 18:12:19.545 #ffffff|비행기 타고?
2024-04-10 18:12:20.248 #ffffff|-그런다고 1시간이나 걸리진 않아.
2024-04-10 18:12:24.464 #ffffff|-일 끝나고 무조건 집에 급하게 갈 필요는
2024-04-10 18:12:29.305 #ffffff|없잖아요.
2024-04-10 18:12:30.066 #ffffff|천천히 여기도 보고 새로운 것도 보고.
2024-04-10 18:12:32.674 #ffffff|그러면서 천천히 가도 되는 건데 그 부분이
2024-04-10 18:12:35.717 #ffffff|늦게 오네, 2시나 3시에 끝나서 어디 모텔
2024-04-10 18:12:40.012 #ffffff|갔다 왔지, 여자랑 어디 갔다 왔지.
2024-04-10 18:12:43.182 #ffffff|그런 것도 한번씩 나오고.
2024-04-10 18:12:44.504 #ffffff|그말 하면서 여러 가지 생각이 들면서
2024-04-10 18:12:46.372 #ffffff|싸우고.
2024-04-10 18:12:57.084 #ffffff|가만 있어 봐, 가만 있어 봐, 가만 있어
2024-04-10 18:12:59.989 #ffffff|봐.
2024-04-10 18:13:05.457 #ffffff|-택시 탔구먼.
2024-04-10 18:13:25.735 #ffffff|-또 나가?
2024-04-10 18:13:30.081 #ffffff|-답답해서 담배 피우러 가셨나 보다.
2024-04-10 18:13:37.348 #ffffff|-나오셨어.
2024-04-10 18:13:38.722 #ffffff|-밖에 나갈 때 특히 밖에.
2024-04-10 18:13:41.296 #ffffff|밖에서 담배 피우러 나갈 때 그때는
2024-04-10 18:13:47.955 #ffffff|따라나오고 그거 때문에 말이 좋게 안
2024-04-10 18:13:49.938 #ffffff|나가는 거고.
2024-04-10 18:13:50.764 #ffffff|뭔데 여기까지  따라오냐.
2024-04-10 18:14:17.229 #ffffff|-화장실까지?
2024-04-10 18:14:17.793 #ffffff|-네?
2024-04-10 18:14:20.307 #ffffff|-아니, 휴대전화가 없어서 뭘 할 수가
2024-04-10 18:14:22.524 #ffffff|없잖아요.
2024-04-10 18:14:27.429 #ffffff|-의심이 가니까 그랬던 거죠.
2024-04-10 18:14:31.143 #ffffff|이런 케이스도 있었어요.
2024-04-10 18:14:32.431 #ffffff|이게 현장 소개소 돈 받고 제가 그 앞에
2024-04-10 18:14:37.955 #ffffff|있는데도 바로 태워서 외박을 하고 온 적도
2024-04-10 18:14:40.871 #ffffff|있었어요.
2024-04-10 18:14:41.199 #ffffff|혹시 나 말고 다른 여자가 있을까?
2024-04-10 18:14:43.726 #ffffff|그런 생각도 들었었어요.
2024-04-10 18:14:47.033 #ffffff|-일 갔는데 소개소를 갔는데 여자하고 여자
2024-04-10 18:14:50.915 #ffffff|집에 갔다, 이런 식으로 이야기를 하니까
2024-04-10 18:14:54.469 #ffffff|짜증나는 거죠.
2024-04-10 18:14:55.858 #ffffff|싸움이 나서 전화를 끊고 전화가 오니까
2024-04-10 18:15:02.109 #ffffff|중간에 끊은 거죠.
2024-04-10 18:15:03.809 #ffffff|끊고 안 들어가버린 거죠.
2024-04-10 18:15:04.803 #ffffff|얘하고 같이 살아야 하나, 이렇게까지
2024-04-10 18:15:06.927 #ffffff|하면서.
2024-04-10 18:15:07.336 #ffffff|창살 없는 감옥에 산다고 느껴지죠.
2024-04-10 18:15:11.266 #ffffff|-그렇지.
2024-04-10 18:15:14.467 #ffffff|-어차피 한 번 속였는데 이게 두 번도
2024-04-10 18:15:17.342 #ffffff|속이지 않겠냐 이거죠, 제 생각에는.
2024-04-10 18:15:20.438 #ffffff|제가 잘못 봤는지  모르겠는데.
2024-04-10 18:15:28.821 #ffffff|-뭘 봐요?
2024-04-10 18:15:40.129 #ffffff|-솔직히 여자랑 안 한다고 하면 왜 남자가
2024-04-10 18:15:46.939 #ffffff|밑에를 씻겠어요?
2024-04-10 18:15:47.907 #ffffff|아니, 샤워는 샤워 하는데 왜냐하면 밑에만
2024-04-10 18:15:49.574 #ffffff|씻을 이유는 없잖아요.
2024-04-10 18:15:52.329 #ffffff|그걸 본 거 같아요.
2024-04-10 18:15:56.056 #ffffff|-그러고 나가지 않으시잖아요.
2024-04-10 18:15:57.624 #ffffff|-그건 모르죠.
2024-04-10 18:16:06.732 #ffffff|-남편이 이게 한두 번이 아니니까.
2024-04-10 18:16:09.673 #ffffff|왜냐하면 이 사람이 예전에 안 하던 행동을
2024-04-10 18:16:17.553 #ffffff|해요.
2024-04-10 18:16:18.432 #ffffff|예전에는 안 했는데 치장을 한다든가.
2024-04-10 18:16:19.853 #ffffff|이 사람이 나한테 좀, 그러니까 여자가
2024-04-10 18:16:21.729 #ffffff|있으면 여자가 생기면 마음이
2024-04-10 18:16:23.905 #ffffff|멀어지잖아요.
2024-04-10 18:16:24.397 #ffffff|그런 행동을 하니까.
2024-04-10 18:16:25.657 #ffffff|그러니까 그때부터 의심이 또 가기
2024-04-10 18:16:27.173 #ffffff|시작했죠.
2024-04-10 18:16:38.922 #ffffff|-질문이 조금 난감하실 수도 있는데 사실은
2024-04-10 18:16:41.201 #ffffff|조금 해야 하는 이유가 샤워를 하실 때에도
2024-04-10 18:16:47.394 #ffffff|한번은 반만 씻어서 하체만 씻어서 또
2024-04-10 18:16:49.856 #ffffff|의심을 하셨잖아요.
2024-04-10 18:16:50.382 #ffffff|한번 시원하게.
2024-04-10 18:16:51.014 #ffffff|오해를 풀고 의심을 풀어야 하니까.
2024-04-10 18:16:54.379 #ffffff|-샤워하고 나서 다 닦고 옷을 입었는데 좀
2024-04-10 18:16:57.787 #ffffff|찝찝한 느낌이 있잖아요.
2024-04-10 18:16:59.411 #ffffff|덜 닦인, 덜 씻긴 느낌이.
2024-04-10 18:17:01.278 #ffffff|그래서 다시 가서 거기만 씻은 거예요.
2024-04-10 18:17:03.795 #ffffff|그런데 그걸 가지고 어디 여자랑 하고 와서
2024-04-10 18:17:06.918 #ffffff|씻고 있다.
2024-04-10 18:17:08.762 #ffffff|이렇게 말하는 거예요.
2024-04-10 18:17:11.803 #ffffff|-이게 녹화하기 며칠 전부터 또 그런
2024-04-10 18:17:16.336 #ffffff|모습이 보이더라고요.
2024-04-10 18:17:17.290 #ffffff|겨울이잖아요.
2024-04-10 18:17:17.817 #ffffff|-그건 남편분만 그러는 건 아니고요.
2024-04-10 18:17:19.705 #ffffff|여기에 있는 사람들도 그럴 때가 꽤
2024-04-10 18:17:22.467 #ffffff|많아요.
2024-04-10 18:17:42.996 #ffffff|-휴대전화나 한 번 줘 봐.
2024-04-10 18:17:44.968 #ffffff|-왜.
2024-04-10 18:17:45.541 #ffffff|-뭐 좀 보게.
2024-04-10 18:17:49.361 #ffffff|-뭐 보려고, 말을 해야 휴대전화를 주지.
2024-04-10 18:17:53.595 #ffffff|-영화 검색 같은 것 좀 해보게.
2024-04-10 18:17:55.989 #ffffff|-왜?
2024-04-10 18:17:56.271 #ffffff|-그냥.
2024-04-10 18:17:59.377 #ffffff|-그거 아닌데?
2024-04-10 18:18:00.217 #ffffff|영화 보려고 하는 것 같은데?
2024-04-10 18:18:05.042 #ffffff|누구랑 영화 볼 건데?
2024-04-10 18:18:10.373 #ffffff|누구랑 영화 보러 가는데?
2024-04-10 18:18:12.387 #ffffff|-누구랑 보긴 누가 봐.
2024-04-10 18:18:14.865 #ffffff|그냥 궁금하니까 보는 거지.
2024-04-10 18:18:16.357 #ffffff|뭐가 나왔나.
2024-04-10 18:18:20.611 #ffffff|-희한해, 영화도 물어보고 이상해.
2024-04-10 18:18:23.106 #ffffff|-뭐가 이상해.
2024-04-10 18:18:25.641 #ffffff|그러면 영화를 누가 보여주는데, 응?
2024-04-10 18:18:30.614 #ffffff|공중전화로 전화해서 야, 영화 보러 가자
2024-04-10 18:18:33.641 #ffffff|하면 여자가 나오냐?
2024-04-10 18:18:35.576 #ffffff|세상에.
2024-04-10 18:18:38.626 #ffffff|-모르지, 내 눈에 안 보이니까.
2024-04-10 18:18:42.853 #ffffff|-무슨 말을 못 꺼내겠는데.
2024-04-10 18:18:48.018 #ffffff|-나랑 안 보러 갈 거잖아.
2024-04-10 18:18:51.202 #ffffff|그냥 있는 그대로 말하면 되지.
2024-04-10 18:18:54.382 #ffffff|뭐 그렇게 비밀이 많아?
2024-04-10 18:18:55.650 #ffffff|-있는 그대로 무슨 말을 해야 하는데.
2024-04-10 18:18:57.744 #ffffff|-왜 영화를 보는지.
2024-04-10 18:19:00.393 #ffffff|-궁금해서 검색해 보는 것도 안 돼?
2024-04-10 18:19:05.548 #ffffff|-이런 거 왜.
2024-04-10 18:19:08.578 #ffffff|-너무 심각한데요?
2024-04-10 18:19:13.565 #ffffff|-다짐은 하죠.
2024-04-10 18:19:14.435 #ffffff|맨날 나도 이러면 안 되지, 솔직히.
2024-04-10 18:19:18.988 #ffffff|나도 빨리 고쳐야 하는데.
2024-04-10 18:19:20.464 #ffffff|-그러니까.
2024-04-10 18:19:20.588 #ffffff|-이런 생각을 많이 하죠.
2024-04-10 18:19:23.325 #ffffff|그런데 이게 마음을 다짐하고 이게 안
2024-04-10 18:19:26.245 #ffffff|되더라고요.
2024-04-10 18:19:28.776 #ffffff|저도 모르게 그냥 입에서 튀어나와요.
2024-04-10 18:19:32.309 #ffffff|말이 너무 상처 때문에 그런가 그런 말이
2024-04-10 18:19:38.496 #ffffff|막 튀어나와요.
2024-04-10 18:19:39.072 #ffffff|-상처?
2024-04-10 18:19:39.833 #ffffff|-상처.
2024-04-10 18:19:40.256 #ffffff|-그 상처.
2024-04-10 18:19:45.444 #ffffff|-그러니까 제가 초등학교 2, 3학년 때인가?
2024-04-10 18:19:48.625 #ffffff|그때 막 소나기처럼 비가 많이 왔었어요,
2024-04-10 18:19:52.623 #ffffff|그때 당시에는.
2024-04-10 18:19:59.815 #ffffff|아버지가 외도한 걸 목격을 했으니까.
2024-04-10 18:20:04.544 #ffffff|아버지가 다른 여자랑 우산을 쓰고
2024-04-10 18:20:08.234 #ffffff|걸어오더라고요.
2024-04-10 18:20:09.035 #ffffff|그래서 솔직히 이게 무서운 거예요.
2024-04-10 18:20:11.927 #ffffff|어렸을 때라.
2024-04-10 18:20:13.521 #ffffff|그래서 차 뒤에 숨어서 지켜보기도 했고.
2024-04-10 18:20:16.692 #ffffff|나 지금 아버지 때문에 너무 상처가 심해서
2024-04-10 18:20:20.162 #ffffff|남자를 못 믿게 됐다.
2024-04-10 18:20:22.096 #ffffff|이걸 어떻게 할 거냐, 이렇게 말한 적도
2024-04-10 18:20:25.668 #ffffff|있고.
2024-04-10 18:20:26.403 #ffffff|그러니까 제가 어렸을 때 그런 환경을 보고
2024-04-10 18:20:30.559 #ffffff|컸잖아요.
2024-04-10 18:20:31.557 #ffffff|그래서 이게 불안한 거예요.
2024-04-10 18:20:33.381 #ffffff|-그런 이야기를 하더라고요.
2024-04-10 18:20:36.675 #ffffff|그런데 그래, 그럴 수 있다 생각은 들어요.
2024-04-10 18:20:40.260 #ffffff|그런데 아빠가 그렇게 했다 해서 그러면
2024-04-10 18:20:43.249 #ffffff|다른 사람도 꼭 그런 건 아니잖아요.
2024-04-10 18:20:45.744 #ffffff|내가 아직 일어나지도 않은 일을 갖다
2024-04-10 18:20:48.721 #ffffff|그렇게 하고 다니면 네 자신만 손해지 누가
2024-04-10 18:20:52.938 #ffffff|그걸 알아주냐.
2024-04-10 18:20:53.964 #ffffff|그런 식으로 많이 했죠.
2024-04-10 18:21:06.991 #ffffff|-아내분이 본인도 남편을 의심하는 내
2024-04-10 18:21:10.380 #ffffff|자신을 고치고 싶다고 하셨는데 진짜
2024-04-10 18:21:13.007 #ffffff|영상을 보니까 정말 계속 의심하고
2024-04-10 18:21:17.040 #ffffff|따라다니고 하세요.
2024-04-10 18:21:17.959 #ffffff|출근할 때도 이렇게 매일 아이랑 출근길을
2024-04-10 18:21:23.523 #ffffff|따라나서시나요?
2024-04-10 18:21:24.100 #ffffff|-네.
2024-04-10 18:21:25.265 #ffffff|어쩔 때는 소개소 앞에 있고 어쩔 때는
2024-04-10 18:21:29.288 #ffffff|현장에 낮에 전화
2024-04-10 18:21:29.288 #ffffff|현장에 낮에 전화를 하면 어디라고
2024-04-10 18:21:32.324 #ffffff|말해주면 그쪽에 와 있고 보고, 사람들이
2024-04-10 18:21:35.822 #ffffff|보고 여러 말이 나오는 거죠.
2024-04-10 18:21:38.582 #ffffff|-또 깜짝 놀란 게 저는 대본에 남편분이 집
2024-04-10 18:21:48.274 #ffffff|비밀번호를 모르신다고.
2024-04-10 18:21:48.887 #ffffff|-네?
2024-04-10 18:21:49.260 #ffffff|-그러면 어떻게 들어가요, 집에?
2024-04-10 18:21:50.533 #ffffff|-같이 들어가든가 없으면 못 들어가고.
2024-04-10 18:21:52.328 #ffffff|-초인종.
2024-04-10 18:21:53.093 #ffffff|-알려달라고 하시면 되잖아요.
2024-04-10 18:21:55.224 #ffffff|-비밀번호 잠깐 가르쳐주고 바꿔버려요.
2024-04-10 18:21:57.712 #ffffff|-또 바꿔요?
2024-04-10 18:21:58.263 #ffffff|번호를?
2024-04-10 18:21:59.019 #ffffff|왜 바꾸시는 거지?
2024-04-10 18:22:00.758 #ffffff|-데려 올까 봐, 여자.
2024-04-10 18:22:02.048 #ffffff|-왜 안 알려주시는 거예요, 왜?
2024-04-10 18:22:04.720 #ffffff|번호를요?
2024-04-10 18:22:05.534 #ffffff|-설마.
2024-04-10 18:22:06.377 #ffffff|-이유가 있으실 거 같아요.
2024-04-10 18:22:10.845 #ffffff|-이유는...
2024-04-10 18:22:17.045 #ffffff|-그러니까 아내분은 두 눈으로 직접 내가
2024-04-10 18:22:19.609 #ffffff|눈으로 확인하는 상황이 아니면 모든 길은
2024-04-10 18:22:24.608 #ffffff|남편의 외도로 통한다, 이거잖아요.
2024-04-10 18:22:27.380 #ffffff|외도하는 것 같은 의심.
2024-04-10 18:22:29.526 #ffffff|그렇죠?
2024-04-10 18:22:30.412 #ffffff|모든 길이 다 의심으로 향하는 게 가장 큰
2024-04-10 18:22:34.180 #ffffff|어려움이신 것 같아요.
2024-04-10 18:22:39.260 #ffffff|-정말 충격적인 장면은 콜렉트콜로
2024-04-10 18:22:43.547 #ffffff|전화하실 때 사실은 너무너무 불편하실 것
2024-04-10 18:22:47.316 #ffffff|같은데.
2024-04-10 18:22:47.836 #ffffff|-일 가기가 많이 불편해요.
2024-04-10 18:22:48.951 #ffffff|혼자 예를 들어 전화번호 주고 주소 주고
2024-04-10 18:22:51.471 #ffffff|택시 타라고 가라고 할 때 있잖아요.
2024-04-10 18:22:53.506 #ffffff|예를 들어.
2024-04-10 18:22:54.309 #ffffff|그러면 여기 사람인가 저 사람인가
2024-04-10 18:22:56.970 #ffffff|쳐다봐야 하고.
2024-04-10 18:22:57.720 #ffffff|-보통 이제 전화 카드라든가 그런 것도
2024-04-10 18:23:00.094 #ffffff|없으세요?
2024-04-10 18:23:01.142 #ffffff|-네.
2024-04-10 18:23:02.343 #ffffff|-그러면 보통 돈, 현금.
2024-04-10 18:23:07.369 #ffffff|-현금.
2024-04-10 18:23:07.846 #ffffff|-현금이나 그런 거는.
2024-04-10 18:23:10.491 #ffffff|-현금, 담배하고 라이터만.
2024-04-10 18:23:11.197 #ffffff|-돈은 아예 안 가지고 다니세요?
2024-04-10 18:23:12.656 #ffffff|-돈 있는 자체가 누구를 만난다.
2024-04-10 18:23:16.180 #ffffff|여자 만나고 밥 사주고 술 먹으러 다니고
2024-04-10 18:23:20.304 #ffffff|한다고.
2024-04-10 18:23:20.426 #ffffff|-그런다고 이야기하시니까?
2024-04-10 18:23:22.409 #ffffff|의심하시니까?
2024-04-10 18:23:23.689 #ffffff|-이게 왜 그랬냐 하면 저보다 더 잘해줘요.
2024-04-10 18:23:27.675 #ffffff|다른 여자한테 훨씬 더 잘해줘요.
2024-04-10 18:23:30.828 #ffffff|말도 따뜻하게 하고 저한테는 막 말로
2024-04-10 18:23:32.668 #ffffff|쏘아붙이거든요.
2024-04-10 18:23:32.776 #ffffff|막 싸운 것처럼 말을 쏘아붙이는데 말을
2024-04-10 18:23:35.962 #ffffff|상냥하게 해요.
2024-04-10 18:23:36.819 #ffffff|다정스럽게.
2024-04-10 18:23:39.197 #ffffff|-왜 그러냐 하면 그 사람들이 나를
2024-04-10 18:23:41.150 #ffffff|의심하는 것도 아니고 나를 피해 준 것도
2024-04-10 18:23:43.657 #ffffff|없어.
2024-04-10 18:23:44.496 #ffffff|그래서 굳이 그 사람한테 내가 야, 너
2024-04-10 18:23:49.530 #ffffff|뭐해.
2024-04-10 18:23:49.584 #ffffff|새끼야, 왜 그렇게 쳐 먹어, 그렇게 할
2024-04-10 18:23:51.143 #ffffff|수는 없잖아요.
2024-04-10 18:23:51.589 #ffffff|-그렇죠.
2024-04-10 18:23:52.315 #ffffff|-그냥 그런 일상적인 그런 거 하는데 그게
2024-04-10 18:23:54.559 #ffffff|싫다 이런 거예요.
2024-04-10 18:23:55.867 #ffffff|자기한테 그렇게 하고 남한테는 그렇게
2024-04-10 18:23:57.511 #ffffff|싸가지 없이 하라.
2024-04-10 18:23:58.843 #ffffff|-그런데 이거는 구별을 해야 할 것 같아요.
2024-04-10 18:24:02.300 #ffffff|1번, 그냥 친절하게 대해 주는 거.
2024-04-10 18:24:07.649 #ffffff|2번, 굉장히 치근덕대는 거.
2024-04-10 18:24:10.567 #ffffff|3번, 애정을 담아서 한다고 생각하는 거.
2024-04-10 18:24:17.745 #ffffff|1, 2, 3번 중에 어떤 거에 해당한다고
2024-04-10 18:24:22.515 #ffffff|생각하세요?
2024-04-10 18:24:23.538 #ffffff|-1번이요.
2024-04-10 18:24:23.747 #ffffff|-1번.
2024-04-10 18:24:24.787 #ffffff|-진짜요?
2024-04-10 18:24:25.265 #ffffff|-그냥 친절하게 대해주는 거.
2024-04-10 18:24:31.205 #ffffff|알고는 계시네요.
2024-04-10 18:24:32.161 #ffffff|-다 알고 계시네, 아내분이.
2024-04-10 18:24:34.848 #ffffff|다 알고 계시는데 화가 나시는 이유가.
2024-04-10 18:24:36.642 #ffffff|-일단 모든 게 의심스럽고 그냥 화가 난다.
2024-04-10 18:24:39.080 #ffffff|나한테는 안 그렇게 하니까.
2024-04-10 18:24:42.043 #ffffff|-이런 경우는 의부증이라고 볼 수 있나요?
2024-04-10 18:24:45.412 #ffffff|-일단 양상 자체는 의부증을 많이 고려해야
2024-04-10 18:24:49.446 #ffffff|하는 상황인 것 같아요.
2024-04-10 18:24:51.544 #ffffff|그런데 의부증이라는 건 많이 들어보셨을
2024-04-10 18:24:54.877 #ffffff|거예요.
2024-04-10 18:24:56.485 #ffffff|의부증은 망상의 일종이에요.
2024-04-10 18:24:57.996 #ffffff|그러니까 망상이라는 건 뭐냐 하면 전혀
2024-04-10 18:25:01.026 #ffffff|근거가 없는, 그런데 그렇다고 믿는 이런
2024-04-10 18:25:03.990 #ffffff|것들을 망상이라고 하거든요.
2024-04-10 18:25:07.486 #ffffff|그런데 의부증은 배우자에 대한 부정
2024-04-10 18:25:11.152 #ffffff|망상이에요.
2024-04-10 18:25:11.696 #ffffff|배우자가 부정한 행위를 하는 것에 대한
2024-04-10 18:25:14.036 #ffffff|망상.
2024-04-10 18:25:14.385 #ffffff|일상에서 일어나는 모든 사람들이 그냥
2024-04-10 18:25:17.205 #ffffff|경험하는 일들, 나의 배우자가 또는 나의
2024-04-10 18:25:21.621 #ffffff|연인이 바람을 피우고 외도를 한다.
2024-04-10 18:25:23.884 #ffffff|이렇게 이제 다 연결을 짓게 될 때 의부증
2024-04-10 18:25:27.672 #ffffff|내지 의처증이라고 하는 거죠.
2024-04-10 18:25:29.466 #ffffff|그러니까 제가 아내분께 질문을 드렸어요.
2024-04-10 18:25:33.925 #ffffff|기억하시죠?
2024-04-10 18:25:35.821 #ffffff|-네.
2024-04-10 18:25:36.160 #ffffff|-알고 계신단 말이에요.
2024-04-10 18:25:38.602 #ffffff|머리로는.
2024-04-10 18:25:39.668 #ffffff|그러면 사실 망상이라고 보기에는
2024-04-10 18:25:42.087 #ffffff|어려워요.
2024-04-10 18:25:43.323 #ffffff|행동은 의부증처럼 하루 종일 바람 피웠지,
2024-04-10 18:25:47.335 #ffffff|이 여자 누구야, 이러지만 사실 이건
2024-04-10 18:25:49.430 #ffffff|사실이 아니라는 걸 알고 계시는 거예요.
2024-04-10 18:25:54.345 #ffffff|그러면 외도, 바람 이거는 제쳐두고요.
2024-04-10 18:25:58.175 #ffffff|우리 아내분이 이렇게 표현하고 본인도
2024-04-10 18:26:02.752 #ffffff|괴로워하고 고통스러워하고 배우자,
2024-04-10 18:26:05.898 #ffffff|남편에게도 어떻게 보면 고통을 주는.
2024-04-10 18:26:08.635 #ffffff|그렇죠?
2024-04-10 18:26:09.509 #ffffff|이유가 있을 거예요.
2024-04-10 18:26:10.611 #ffffff|이유를 찾아야 할 것 같아요.
2024-04-10 18:26:15.390 #ffffff|그러면 궁금한 게 있는데요.
2024-04-10 18:26:17.648 #ffffff|아까 어쨌든 계기가 있다.
2024-04-10 18:26:20.385 #ffffff|그리고 나는 상처가 있다.
2024-04-10 18:26:22.979 #ffffff|트라우마가 있다.
2024-04-10 18:26:24.145 #ffffff|-트라우마.
2024-04-10 18:26:24.601 #ffffff|-이걸 남편이 좀 보듬어줄 줄 알았는데
2024-04-10 18:26:27.450 #ffffff|그렇지 못했다, 이런 말씀을 하셨거든요.
2024-04-10 18:26:29.681 #ffffff|좀 이 이야기를 좀 더 자세히 들어볼까요?
2024-04-10 18:26:37.043 #ffffff|-그때가 초등학교 2학년 때인가.
2024-04-10 18:26:40.706 #ffffff|우산을 갖고 아버지한테 가는
2024-04-10 18:26:43.814 #ffffff|도중이었어요.
2024-04-10 18:26:44.369 #ffffff|그런데 아버지가 여기 계단으로 해서
2024-04-10 18:26:49.338 #ffffff|아가씨하고 같이 나오시더라고요.
2024-04-10 18:26:53.033 #ffffff|그래서...
2024-04-10 18:26:54.138 #ffffff|아버지가 나오는 걸 보니까 이게 저도
2024-04-10 18:26:57.143 #ffffff|모르게 가슴이 뛰면서 차 뒤에 숨게
2024-04-10 18:27:02.101 #ffffff|되더라고요.
2024-04-10 18:27:02.637 #ffffff|그때부터는 솔직히 아버지가 아니라 남의
2024-04-10 18:27:06.384 #ffffff|아버지?
2024-04-10 18:27:06.975 #ffffff|내 아버지가 아니라.
2024-04-10 18:27:09.922 #ffffff|나도 어렸을 때의 그 기억때문에 아버지가
2024-04-10 18:27:13.241 #ffffff|그런
2024-04-10 18:27:16.798 #ffffff|것 때문에 내가 지금 남자를 못 믿고
2024-04-10 18:27:19.712 #ffffff|있다.
2024-04-10 18:27:20.236 #ffffff|제가 그랬어요.
2024-04-10 18:27:21.046 #ffffff|그런데 남편은 그건 어릴 때의 상처잖아.
2024-04-10 18:27:24.261 #ffffff|어릴 때의 기억이고 어릴 때 상처고 그건
2024-04-10 18:27:27.098 #ffffff|나하고 상관없는 일이잖아.
2024-04-10 18:27:28.661 #ffffff|이렇게 말을 한 거예요.
2024-04-10 18:27:32.553 #ffffff|저는 솔직히 남편이
2024-04-10 18:27:36.214 #ffffff|그걸 말하면 어느
2024-04-10 18:27:37.281 #ffffff|정도는 아, 그래?
2024-04-10 18:27:39.194 #ffffff|그 충격 때문에 그런다고 생각했을 건데
2024-04-10 18:27:45.557 #ffffff|저는 그렇게 말 듣고 싶었었어요.
2024-04-10 18:27:49.299 #ffffff|-그러셨군요.
2024-04-10 18:27:56.495 #ffffff|아버지는 지금 아내분한테 있어서는 어떤
2024-04-10 18:28:01.775 #ffffff|아버지셨습니까?
2024-04-10 18:28:02.525 #ffffff|-정말 싫어요.
2024-04-10 18:28:05.657 #ffffff|-자세히 들어볼까요?
2024-04-10 18:28:06.668 #ffffff|-폭력적인 아버지예요.
2024-04-10 18:28:07.883 #ffffff|다 깨부수고 다 엎어버리고 막 그런 행동을
2024-04-10 18:28:14.672 #ffffff|해요.
2024-04-10 18:28:15.079 #ffffff|-이런 일들 겪었던 아픔에 대해서 아버지와
2024-04-10 18:28:17.655 #ffffff|이야기를 해보신 적은 있긴 있으세요, 한
2024-04-10 18:28:22.624 #ffffff|번이라도?
2024-04-10 18:28:23.017 #ffffff|-이게 어렸을 때 맞았던 기억 때문에
2024-04-10 18:28:25.121 #ffffff|무서운 게 먼저 나와서 말을 못하겠어요.
2024-04-10 18:28:28.592 #ffffff|아빠 나 이거 서운하다.
2024-04-10 18:28:30.845 #ffffff|솔직히 나 어렸을 때 이거 서운했다,
2024-04-10 18:28:34.393 #ffffff|말하고 싶은데도 이게 무서움 때문에 못
2024-04-10 18:28:36.096 #ffffff|하겠어요.
2024-04-10 18:28:37.189 #ffffff|-어떻게 보면 아내분, 아버지의 외도보다
2024-04-10 18:28:43.041 #ffffff|가정 폭력이 아내분한테는 훨씬 더 중요한
2024-04-10 18:28:47.200 #ffffff|사건이었어요.
2024-04-10 18:28:48.130 #ffffff|집안 내에서 가장 사랑하는 가족에게
2024-04-10 18:28:52.717 #ffffff|가정폭력을 행사하는 건 그 어떤 부정적인
2024-04-10 18:28:55.221 #ffffff|영향이 이루 말할 수가 없어요.
2024-04-10 18:28:57.733 #ffffff|인간의 존엄성이 파괴가 돼요.
2024-04-10 18:29:00.282 #ffffff|그런데 여기에서 제일 중요한 거는
2024-04-10 18:29:04.968 #ffffff|가정폭력에 의해서 맞거나 그러면 나의
2024-04-10 18:29:09.313 #ffffff|기본적인 안전과 내가 살아가는 데 필요한
2024-04-10 18:29:15.249 #ffffff|통제력이라고 해요.
2024-04-10 18:29:16.085 #ffffff|사람이 기본 통제력이 있잖아요.
2024-04-10 18:29:18.219 #ffffff|이걸 뺏기는 거예요.
2024-04-10 18:29:19.338 #ffffff|그러면 사람은 이런 통제력을 뺏긴
2024-04-10 18:29:22.340 #ffffff|상태에서는 공포스러워서 살 수가 없어요.
2024-04-10 18:29:24.720 #ffffff|생존을 하기가 어려워요.
2024-04-10 18:29:28.341 #ffffff|그래서 아내분은 잘못된 방법, 남편을
2024-04-10 18:29:30.952 #ffffff|과도하게 통제하는 거로 꼼짝을 못하게
2024-04-10 18:29:34.461 #ffffff|하는 거로 본인의 통제력을 찾아오려고
2024-04-10 18:29:37.433 #ffffff|하는 면이 있는 거란 말이에요.
2024-04-10 18:29:40.751 #ffffff|그러니까 머리로는 그거 친절하게 하는 거
2024-04-10 18:29:45.244 #ffffff|맞죠.
2024-04-10 18:29:45.922 #ffffff|남편 그렇게 외도하는 거 아니에요.
2024-04-10 18:29:49.652 #ffffff|여자랑 바람피우지 않아요.
2024-04-10 18:29:53.317 #ffffff|그러나 전화도 뺏고 전화 통화도 못하게
2024-04-10 18:29:56.281 #ffffff|하고 전화 카드도 못하게 하고 내 눈앞에만
2024-04-10 18:29:57.897 #ffffff|있어.
2024-04-10 18:29:58.406 #ffffff|이게 병리적인 수준의 과도한 통제라고 볼
2024-04-10 18:30:01.087 #ffffff|수 있거든요.
2024-04-10 18:30:05.155 #ffffff|이걸 통해 아내는 아버지한테 뺏겼던
2024-04-10 18:30:07.766 #ffffff|생존에 필요한 가장 기본적인 자기 통제력.
2024-04-10 18:30:09.858 #ffffff|그걸 찾아오려고 하는 거예요.
2024-04-10 18:30:13.665 #ffffff|오늘 굉장히 중요한 시간이 될 것
2024-04-10 18:30:15.781 #ffffff|같습니다.
2024-04-10 18:30:26.669 #ffffff|-같이 나갔어?
2024-04-10 18:30:29.935 #ffffff|OO 언니랑?
2024-04-10 18:30:31.557 #ffffff|OO 오빠랑 같이 나갔냐고.
2024-04-10 18:30:34.370 #ffffff|-그래도 아기는 아빠랑 계속 같이 있네요.
2024-04-10 18:30:37.268 #ffffff|-아빠랑 엄청 친해.
2024-04-10 18:30:51.887 #ffffff|-뭐야, 나가세요?
2024-04-10 18:30:52.687 #ffffff|-외출하시네요?
2024-04-10 18:30:56.443 #ffffff|-남편을 안 쳐다보네?
2024-04-10 18:31:05.269 #ffffff|-누가 오셨나 본데요.
2024-04-10 18:31:10.606 #ffffff|택시비를 내주셔.
2024-04-10 18:31:18.136 #ffffff|-가족이 왔나 보다.
2024-04-10 18:31:30.753 #ffffff|-토끼야.
2024-04-10 18:31:35.170 #ffffff|-되게 친해 보이는데요.
2024-04-10 18:31:54.204 #ffffff|-안녕.
2024-04-10 18:31:54.902 #ffffff|-아기도 좋아하네.
2024-04-10 18:31:55.555 #ffffff|-아기도 알아.
2024-04-10 18:31:56.411 #ffffff|-그러니까.
2024-04-10 18:32:01.495 #ffffff|-안방으로 그냥 쑥 거침없이 들어오네.
2024-04-10 18:32:06.244 #ffffff|그런데 인사를 안 하시네?
2024-04-10 18:32:10.587 #ffffff|-뭐야, 이 그림은.
2024-04-10 18:32:15.217 #ffffff|-인사도 안 나누셨는데 지금.
2024-04-10 18:32:21.299 #ffffff|-지금 제가 18, 19살 때부터 알았던
2024-04-10 18:32:25.247 #ffffff|사이니까.
2024-04-10 18:32:25.758 #ffffff|동네 오빠 같은  오빠예요.
2024-04-10 18:32:29.490 #ffffff|예전에는 일주일이면 5일, 6일 만났는데
2024-04-10 18:32:33.820 #ffffff|지금은 한 달에 5번?
2024-04-10 18:32:37.827 #ffffff|-만날 때마다 술 먹는 횟수가 많았고,
2024-04-10 18:32:41.631 #ffffff|옛날에.
2024-04-10 18:32:42.775 #ffffff|그리고 아침부터 만나서 나 일 끝나고 오면
2024-04-10 18:32:47.341 #ffffff|술을 많이 먹은 상태고.
2024-04-10 18:32:49.368 #ffffff|그런 부분이 별로 마음에 안 드는 거죠.
2024-04-10 18:33:12.141 #ffffff|-뭐예요?
2024-04-10 18:33:14.160 #ffffff|-그런데 진짜 아무 말도 없이 어떻게 지금
2024-04-10 18:33:16.432 #ffffff|이게.
2024-04-10 18:33:20.918 #ffffff|-술.
2024-04-10 18:33:21.327 #ffffff|-술 먹자고?
2024-04-10 18:33:25.176 #ffffff|-먹지 말든가 그러면.
2024-04-10 18:33:30.623 #ffffff|-오빠 나는 여기에 먹어야지.
2024-04-10 18:33:34.618 #ffffff|시원하다.
2024-04-10 18:33:36.155 #ffffff|시원하다.
2024-04-10 18:33:39.958 #ffffff|시원해.
2024-04-10 18:33:44.616 #ffffff|-아까까지 남편 의심했던 분 맞아요?
2024-04-10 18:33:50.528 #ffffff|-이제 이 모습 그대로 자체가 있다는 거죠.
2024-04-10 18:33:57.552 #ffffff|-그런데 이거 원래 알고 있었어요?
2024-04-10 18:34:00.351 #ffffff|-몰랐어요, 나중에 갑자기 들어와서
2024-04-10 18:34:01.463 #ffffff|알았어요.
2024-04-10 18:34:01.853 #ffffff|-그런데 되게 친한 거 같아 보였거든요.
2024-04-10 18:34:08.271 #ffffff|토끼라고 부르셨잖아요.
2024-04-10 18:34:09.374 #ffffff|-19살 때부터 별명이 토끼였어요.
2024-04-10 18:34:12.288 #ffffff|-토끼 모자를 썼다고 쓰고 갔다고.
2024-04-10 18:34:13.563 #ffffff|-그때 처음 봤을 때.
2024-04-10 18:34:15.309 #ffffff|토끼 모자를 쓰고 있어서?
2024-04-10 18:34:17.834 #ffffff|-그럼 그 오빠만 토끼라고 부르는 거예요?
2024-04-10 18:34:22.630 #ffffff|-아니요, 사람들 다.
2024-04-10 18:34:24.719 #ffffff|-공식적인 별명.
2024-04-10 18:34:25.165 #ffffff|-석만 씨가 느끼는 기분이 안 좋지.
2024-04-10 18:34:33.154 #ffffff|-나 언제까지 오빠 눈치 봐야 해?
2024-04-10 18:34:37.031 #ffffff|-무슨 눈치를 봐?
2024-04-10 18:34:39.063 #ffffff|-내가 죄인인 것마냥 언제까지 내가 눈치
2024-04-10 18:34:41.974 #ffffff|봐야 하냐고.
2024-04-10 18:34:44.225 #ffffff|-네가 눈치는 보냐?
2024-04-10 18:34:46.490 #ffffff|네가 하고 싶은 대로 다 하지.
2024-04-10 18:34:48.699 #ffffff|-솔직히 나 어렸을 때부터 의지할 데
2024-04-10 18:34:51.161 #ffffff|없으니까 오빠한테 항상 그랬었어.
2024-04-10 18:34:54.100 #ffffff|나 만나기 전부터, 훨씬 전부터.
2024-04-10 18:34:57.085 #ffffff|나 처음으로 힘들다고 오빠 알아준
2024-04-10 18:34:59.324 #ffffff|사람이야.
2024-04-10 18:34:59.859 #ffffff|그랬던 사람이니까 내가 항상 챙기고
2024-04-10 18:35:01.581 #ffffff|그랬던 거야.
2024-04-10 18:35:02.830 #ffffff|그게 잘못된 거야?
2024-04-10 18:35:05.502 #ffffff|-챙겨?
2024-04-10 18:35:06.179 #ffffff|아기하고 남편은 뒷전이고 오빠부터
2024-04-10 18:35:07.155 #ffffff|챙기냐, 너는?
2024-04-10 18:35:08.006 #ffffff|-앞에서 그렇게.
2024-04-10 18:35:09.015 #ffffff|-그때는 오빠도 힘들었잖아.
2024-04-10 18:35:11.118 #ffffff|-그렇게 좋아, 그게?
2024-04-10 18:35:13.099 #ffffff|그러면 계속해, 그런 생활.
2024-04-10 18:35:15.232 #ffffff|-다른 사람 입장을 내가 항상 생각하라고
2024-04-10 18:35:18.518 #ffffff|했잖아.
2024-04-10 18:35:19.035 #ffffff|-다른 사람 입장?
2024-04-10 18:35:19.864 #ffffff|그러면 내 입장은 생각 안 하고 네 입장만
2024-04-10 18:35:22.550 #ffffff|생각해야 하는 거야?
2024-04-10 18:35:23.616 #ffffff|-어떻게 해.
2024-04-10 18:35:24.331 #ffffff|-나도 힘들었어, 막말로.
2024-04-10 18:35:25.673 #ffffff|-너 정신 똑바로 못 차리잖아, 지금.
2024-04-10 18:35:29.086 #ffffff|일주일에 열흘.
2024-04-10 18:35:29.756 #ffffff|어디 돈이 남았냐?
2024-04-10 18:35:32.482 #ffffff|-한번 먹게 되면 풀코스로 예를 들어
2024-04-10 18:35:37.568 #ffffff|1차에서 밥 먹고 호프집 가는 거는 해줄 수
2024-04-10 18:35:42.056 #ffffff|있어요.
2024-04-10 18:35:42.533 #ffffff|어쩌다 한 번씩은.
2024-04-10 18:35:43.513 #ffffff|그런데 거기에 노래방까지 가서 100만 원씩
2024-04-10 18:35:48.424 #ffffff|쏴버리고.
2024-04-10 18:35:48.834 #ffffff|-100만 원이요?
2024-04-10 18:35:50.761 #ffffff|-네?
2024-04-10 18:35:51.288 #ffffff|-하룻밤에요?
2024-04-10 18:35:57.662 #ffffff|-한 달 벌면 하루에 10만 원씩 잡아도
2024-04-10 18:36:02.203 #ffffff|150만 원이잖아요.
2024-04-10 18:36:04.447 #ffffff|나중에 며칠 지나면 돈이 없네, 그런 소리
2024-04-10 18:36:07.251 #ffffff|하니까 그런 부분이 좀 그래요.
2024-04-10 18:36:09.210 #ffffff|-급성 위염 통증 때문에 제가 못 견디고
2024-04-10 18:36:13.303 #ffffff|식은땀 흘리고 그런데 그 오빠가 택시
2024-04-10 18:36:16.824 #ffffff|잡아서 병원까지 응급실까지 데려갔던
2024-04-10 18:36:20.433 #ffffff|오빠예요.
2024-04-10 18:36:20.814 #ffffff|제가 한번 제가 제 마음에 든 사람이면
2024-04-10 18:36:25.728 #ffffff|한번 마음에 품으면 퍼줘야 해요.
2024-04-10 18:36:27.444 #ffffff|이 사람이 못 먹고 있으면 어떻게든 먹여야
2024-04-10 18:36:31.443 #ffffff|하고 그런 성격이라서 제가 좀 그게
2024-04-10 18:36:34.789 #ffffff|병이라면 병이죠.
2024-04-10 18:36:39.238 #ffffff|다른 남자도 아니고 오빠랑 나를 의심해?
2024-04-10 18:36:43.074 #ffffff|-너 하는 행동이 그렇잖아.
2024-04-10 18:36:44.876 #ffffff|집 나가는 뭐처럼 똥 마려운 강아지처럼
2024-04-10 18:36:50.448 #ffffff|없으면 안절부절이냐.
2024-04-10 18:36:54.834 #ffffff|-입장이 완전 바뀌었네요, 지금.
2024-04-10 18:36:57.358 #ffffff|-받아 달라고 했으면 그냥 그걸
2024-04-10 18:37:00.566 #ffffff|받아줘야지.
2024-04-10 18:37:01.109 #ffffff|왜 그걸 안 좋게 받아들여서 오빠를 그렇게
2024-04-10 18:37:03.081 #ffffff|싫어하고 그러냐, 내가 안 그랬어?
2024-04-10 18:37:04.937 #ffffff|-그런데.
2024-04-10 18:37:05.332 #ffffff|싫고 좋고는 내 마음이지 너는 내 주위
2024-04-10 18:37:08.640 #ffffff|사람들 다 좋아했냐?
2024-04-10 18:37:10.432 #ffffff|-이유 없이 싫었잖아, 이유 없이.
2024-04-10 18:37:13.571 #ffffff|-그게 이유 없이 싫은 사람도 있지.
2024-04-10 18:37:15.863 #ffffff|꼭 내가 네가 좋아하는 사람들 다 좋아해야
2024-04-10 18:37:17.875 #ffffff|하고 다 싫어해야 하고 그래야 하는 게
2024-04-10 18:37:21.042 #ffffff|아니잖아.
2024-04-10 18:37:21.525 #ffffff|-형님이 이유 없이 싫은 게 아니지.
2024-04-10 18:37:23.285 #ffffff|이유가 있지.
2024-04-10 18:37:24.183 #ffffff|토끼랑 나랑 가까워지고 아이랑
2024-04-10 18:37:27.078 #ffffff|가까워지니까 질투 나서 그런 거 아니에요.
2024-04-10 18:37:30.662 #ffffff|-가까워져서 질투?
2024-04-10 18:37:32.176 #ffffff|-형님이 그렇잖아요.
2024-04-10 18:37:33.169 #ffffff|-집에 자주 오니까 그렇지.
2024-04-10 18:37:33.840 #ffffff|너 분명히 그때도 그랬지.
2024-04-10 18:37:35.346 #ffffff|-내가 언제 자주 왔어, 내가 언제 자주
2024-04-10 18:37:37.896 #ffffff|왔어.
2024-04-10 18:37:38.892 #ffffff|-최근에 말고.
2024-04-10 18:37:39.302 #ffffff|-하루 이틀 있다가 나한테 그랬어.
2024-04-10 18:37:41.885 #ffffff|-내가 뭐 한 달을 살았어, 두 달을 살았어,
2024-04-10 18:37:44.638 #ffffff|집에서?
2024-04-10 18:37:45.481 #ffffff|내가 토끼랑 뭘 했어, 어떻게 했어, 내가.
2024-04-10 18:37:49.397 #ffffff|같이 있으면서 있었던 것뿐이지.
2024-04-10 18:37:52.559 #ffffff|-나한테는 그런 식으로 안 했어, 잠깐
2024-04-10 18:37:56.919 #ffffff|있다가 며칠 있다 간다 했어.
2024-04-10 18:37:57.918 #ffffff|-그래서 내가 내 잘못이라고 말 안 했어,
2024-04-10 18:38:00.189 #ffffff|저번에도?
2024-04-10 18:38:00.941 #ffffff|내가 오빠 있으라고 해서 있었다, 그 말 안
2024-04-10 18:38:04.158 #ffffff|했어?
2024-04-10 18:38:04.854 #ffffff|-그러면 솔직히 이야기 해.
2024-04-10 18:38:07.045 #ffffff|며칠 머문다, 이야기를 하든가.
2024-04-10 18:38:08.601 #ffffff|너는 항상 그래.
2024-04-10 18:38:09.369 #ffffff|-그렇게 했었어, 며칠 더 있는다고 했었어.
2024-04-10 18:38:11.856 #ffffff|-나한테 그런 말 안 했어.
2024-04-10 18:38:13.098 #ffffff|그냥 하루, 언제 가냐 물어봤어.
2024-04-10 18:38:16.573 #ffffff|그날 첫날.
2024-04-10 18:38:17.379 #ffffff|첫날 왔을 때.
2024-04-10 18:38:18.149 #ffffff|-돈도 없는 사람 길바닥에 내버리는 게
2024-04-10 18:38:20.108 #ffffff|맞는 거야?
2024-04-10 18:38:20.965 #ffffff|우리 식구도 알고 솔직히 다른 사람들도 다
2024-04-10 18:38:23.376 #ffffff|내가 애 낳고 사는 거 다 아는데 어떻게
2024-04-10 18:38:26.354 #ffffff|둘이 사귄다고 생각을 하고 어떻게.
2024-04-10 18:38:29.347 #ffffff|제가 오죽하면 아는 언니가 그러더라고요.
2024-04-10 18:38:34.379 #ffffff|지금 정신병원에 가봐야 하는 거 아니냐?
2024-04-10 18:38:37.938 #ffffff|있지도 않은 사실을 왜 입으로 꺼내서
2024-04-10 18:38:43.469 #ffffff|누구를 죽이려고 하냐 그러려면 네가
2024-04-10 18:38:44.906 #ffffff|편하게, 저한테 그러는 거예요.
2024-04-10 18:38:46.550 #ffffff|네가 편하게 이혼을 해라.
2024-04-10 18:38:47.980 #ffffff|뭐 하는데 네가 그런 걸 듣고 사냐.
2024-04-10 18:38:51.023 #ffffff|-남편분이 이상하다고 생각하나요?
2024-04-10 18:38:53.457 #ffffff|-있지도 않은 사실을 만들어내니까요.
2024-04-10 18:39:00.623 #ffffff|-나는 형님 같은 성격이 나는 솔직히
2024-04-10 18:39:04.536 #ffffff|마음에 안 들어요.
2024-04-10 18:39:06.403 #ffffff|토끼한테도 막 팍팍 쏘고 그런 게 이왕이면
2024-04-10 18:39:09.411 #ffffff|좋게, 아 다르고 어 다르고 할 수
2024-04-10 18:39:12.010 #ffffff|있잖아요.
2024-04-10 18:39:12.549 #ffffff|좋게 좋게 할 수 있는데.
2024-04-10 18:39:14.422 #ffffff|-너 하루 종일 일하고 들어와서 의심받고
2024-04-10 18:39:16.169 #ffffff|몇 시간씩 싸우고 난 다음에 뭐 해주고,
2024-04-10 18:39:20.142 #ffffff|해주면 참 대단한 놈이다.
2024-04-10 18:39:21.527 #ffffff|어떤 놈이 해주는데.
2024-04-10 18:39:25.812 #ffffff|-물론 토끼가 부족한 점이 있어.
2024-04-10 18:39:27.706 #ffffff|나도 그래서 한 번쯤 화날 때도 있고
2024-04-10 18:39:30.243 #ffffff|그래요.
2024-04-10 18:39:30.786 #ffffff|그렇지만 우리가 같이 잘 살자는 취지에서
2024-04-10 18:39:33.230 #ffffff|다 같이 만나고 그런 거 아니에요.
2024-04-10 18:39:35.850 #ffffff|그러면 형님도 좀 말투도 바꾸고 노력도
2024-04-10 18:39:38.333 #ffffff|해보고 그럴 필요가 있다고.
2024-04-10 18:39:40.863 #ffffff|-말투?
2024-04-10 18:39:41.420 #ffffff|그러면 내가 뭐 심심하면 그랬겠어?
2024-04-10 18:39:43.976 #ffffff|-평상시에.
2024-04-10 18:39:44.442 #ffffff|-평상시?
2024-04-10 18:39:45.278 #ffffff|내가 뭐 건드렸어, 먼저?
2024-04-10 18:39:47.902 #ffffff|얘가 먼저 건드리고 그러니까 그런 거지.
2024-04-10 18:39:51.314 #ffffff|-막말로 형제들은 나를, 와이프가 먼저지.
2024-04-10 18:39:57.070 #ffffff|형제들이 먼저가 아니야.
2024-04-10 18:39:59.280 #ffffff|너는 형제들이 먼저잖아.
2024-04-10 18:40:01.271 #ffffff|-형제?
2024-04-10 18:40:01.493 #ffffff|-같이 사는 와이프가 먼저야.
2024-04-10 18:40:02.866 #ffffff|결혼했으면 남자들도.
2024-04-10 18:40:03.538 #ffffff|-형제, 형제, 형제?
2024-04-10 18:40:05.161 #ffffff|네가 다 안 끊었어?
2024-04-10 18:40:06.535 #ffffff|형제.
2024-04-10 18:40:12.939 #ffffff|-자기가 다 가족 끊어놨지.
2024-04-10 18:40:18.883 #ffffff|친구들도 어영부영 끊어진 거지.
2024-04-10 18:40:21.581 #ffffff|지인들도 어영부영 끊어졌지, 없는데.
2024-04-10 18:40:22.885 #ffffff|그런 식으로 하면서 엎어버린 거죠.
2024-04-10 18:40:27.508 #ffffff|-무섭죠, 솔직히.
2024-04-10 18:40:29.354 #ffffff|제가 솔직히 이런 것도 신청을 했잖아요.
2024-04-10 18:40:33.055 #ffffff|남편이 물건 때려 부순다.
2024-04-10 18:40:36.128 #ffffff|남편이 다 엎고 그런다.
2024-04-10 18:40:37.589 #ffffff|더 큰 싸움 일어나면 더 난리날까 봐.
2024-04-10 18:40:58.574 #ffffff|-주무시고 계시네.
2024-04-10 18:41:03.986 #ffffff|-어디 갔다 왔어?
2024-04-10 18:41:06.409 #ffffff|-화장실.
2024-04-10 18:41:07.035 #ffffff|-아니, 말고.
2024-04-10 18:41:07.816 #ffffff|지금 화장실 갔다 왔잖아.
2024-04-10 18:41:10.393 #ffffff|-응.
2024-04-10 18:41:11.024 #ffffff|-그 전에 말이야.
2024-04-10 18:41:12.911 #ffffff|밖에 나갔다 왔잖아.
2024-04-10 18:41:14.567 #ffffff|-뭘 또 밖에 나갔다 와.
2024-04-10 18:41:20.150 #ffffff|화장실도 못 가?
2024-04-10 18:41:23.424 #ffffff|-화장실을 두 번 갔다 왔다고?
2024-04-10 18:41:26.523 #ffffff|진짜로 밖에 안 나갔다면 확인해 봐, 식구
2024-04-10 18:41:31.845 #ffffff|걸고.
2024-04-10 18:41:31.932 #ffffff|-됐어, 말 같은 소리를 해야지 자다가 뭐
2024-04-10 18:41:34.176 #ffffff|봉창 두드리는 소리야, 또.
2024-04-10 18:41:37.225 #ffffff|-내가 뭐라 했냐, 뭘 걸라고 했어.
2024-04-10 18:41:41.435 #ffffff|-내 식구가 어디 있는데?
2024-04-10 18:41:43.382 #ffffff|응?
2024-04-10 18:41:44.101 #ffffff|-형제들.
2024-04-10 18:41:45.701 #ffffff|-금방 했지.
2024-04-10 18:41:46.452 #ffffff|-애가 깼어, 어떻게 해.
2024-04-10 18:41:57.883 #ffffff|-어떻게 해.
2024-04-10 18:41:58.512 #ffffff|아기 다 보는데.
2024-04-10 18:42:02.159 #ffffff|-놔.
2024-04-10 18:42:06.752 #ffffff|네가 시끄럽게 하는 거 괜찮고?
2024-04-10 18:42:11.236 #ffffff|내가 해?
2024-04-10 18:42:21.087 #ffffff|시끄러울 일 없지.
2024-04-10 18:42:31.313 #ffffff|-아니, 첫 번째 영상이랑 두 번째 영상이
2024-04-10 18:42:34.256 #ffffff|너무 결이 달라요.
2024-04-10 18:42:37.891 #ffffff|이번에는 또 남편분이 아내를 의심하는.
2024-04-10 18:42:43.973 #ffffff|아내의 남사친, 오빠가 등장을 했습니다.
2024-04-10 18:42:47.349 #ffffff|언제부터 알던 사이라고 하셨죠?
2024-04-10 18:42:51.520 #ffffff|-저한테는 그냥 형제죠.
2024-04-10 18:42:54.367 #ffffff|저는 솔직히 그 오빠를 진짜 친오빠처럼
2024-04-10 18:42:57.440 #ffffff|생각을 하고 있거든요.
2024-04-10 18:43:00.036 #ffffff|그런데 이 사람은 이해를 못하더라고요.
2024-04-10 18:43:02.762 #ffffff|-그것은 어느 누구도 이해할 수 없는
2024-04-10 18:43:04.638 #ffffff|부분이에요.
2024-04-10 18:43:05.165 #ffffff|그래, 오빠니까 아는 오빠니까 옛날부터
2024-04-10 18:43:07.423 #ffffff|아는 오빠니까 어느 정도는 그래 챙겨줄 수
2024-04-10 18:43:09.818 #ffffff|있어.
2024-04-10 18:43:29.611 #ffffff|-그리고 남편한테는 돈도 한 푼 안 주는데
2024-04-10 18:43:31.201 #ffffff|택시비도 내주고 밥도 아까 100만 원어치를
2024-04-10 18:43:32.521 #ffffff|사고며
2024-04-10 18:43:32.847 #ffffff|-택시비를.
2024-04-10 18:43:33.024 #ffffff|하룻밤에 100만 원이면 어마어마하게 큰
2024-04-10 18:43:34.186 #ffffff|돈인데.
2024-04-10 18:43:34.329 #ffffff|-제가 솔직히 친구가 한 명도 없었어요.
2024-04-10 18:43:35.590 #ffffff|어렸을 때도 친구가 없었고 학교 다닐 때도
2024-04-10 18:43:37.927 #ffffff|다른 여자애들은 다 어울리잖아요.
2024-04-10 18:43:39.639 #ffffff|그런데 저는 항상 왕따였어요.
2024-04-10 18:43:41.043 #ffffff|누구한테 기댈 곳도 없었고 항상 혼자다.
2024-04-10 18:43:43.366 #ffffff|그렇게 인생을 살아왔기 때문에 저는 좀
2024-04-10 18:43:45.477 #ffffff|그래요.
2024-04-10 18:43:45.849 #ffffff|-그때 이제 남사친 오빠가 처음으로 마음을
2024-04-10 18:43:48.020 #ffffff|알아준 그 오빠고 해서 잘 지내고 싶다,
2024-04-10 18:43:50.771 #ffffff|계속.
2024-04-10 18:43:59.328 #ffffff|-뭐 설명을 드리기 전에 먼저 좀 여쭤보고
2024-04-10 18:44:02.060 #ffffff|싶어요, 우리 가족들.
2024-04-10 18:44:04.409 #ffffff|MC분들한테 여쭤보고 싶은데요.
2024-04-10 18:44:05.712 #ffffff|예를 들어 좀 사랑하는 나의 배우자예요.
2024-04-10 18:44:08.594 #ffffff|나의 배우자인데 내 배우자가 어쨌든
2024-04-10 18:44:11.707 #ffffff|굉장히 소중하게 생각하는 사람.
2024-04-10 18:44:14.202 #ffffff|일주일에 5, 6일을 만나요.
2024-04-10 18:44:18.224 #ffffff|아침부터 일어나자마자 계속 전화를 하고
2024-04-10 18:44:22.255 #ffffff|그다음에 의논없이 그냥 이렇게 집에 와서
2024-04-10 18:44:25.542 #ffffff|자고 가요, 며칠씩.
2024-04-10 18:44:27.806 #ffffff|그러면 어떠시겠어요?
2024-04-10 18:44:31.464 #ffffff|-저는...
2024-04-10 18:44:31.798 #ffffff|-이게 동성이어도 힘들 것 같은데.
2024-04-10 18:44:34.070 #ffffff|-너무 좀, 상상만으로도 좀 제가 이해는
2024-04-10 18:44:36.795 #ffffff|하려고 지금 노력을 많이 하고 있거든요?
2024-04-10 18:44:39.435 #ffffff|그런데 상상만으로 좀 서운하고 화도 나고
2024-04-10 18:44:41.527 #ffffff|막 여러 가지 선을 좀 넘은 거 같다는
2024-04-10 18:44:44.426 #ffffff|생각이 들 거 같고요.
2024-04-10 18:44:45.879 #ffffff|-선을 넘은 거지.
2024-04-10 18:44:47.018 #ffffff|-너무 넘은 것 같다는 생각이 들고.
2024-04-10 18:44:50.428 #ffffff|그리고 다른 걸 다 떠나서 상대방에 대한
2024-04-10 18:44:52.011 #ffffff|배우자에 대한 매너가 좀 아니지 않나,
2024-04-10 18:44:55.474 #ffffff|나랑 친하고 내가 힘들 때 의지했던
2024-04-10 18:44:57.948 #ffffff|사람이니까 너도 잘해야지라고
2024-04-10 18:45:00.596 #ffffff|이야기한다면 굉장히 다툼이 일어나지
2024-04-10 18:45:02.173 #ffffff|않을까, 저도.
2024-04-10 18:45:03.399 #ffffff|-제가 한 가지만 여쭤볼게요.
2024-04-10 18:45:06.003 #ffffff|이건 확인하는 차원에서 여쭤보는 건데요.
2024-04-10 18:45:08.621 #ffffff|우리 남편분은 아내분과 그 남사친 오빠가
2024-04-10 18:45:10.590 #ffffff|남녀 관계라고 생각하세요, 조금이라도?
2024-04-10 18:45:12.358 #ffffff|-그렇게는 아닌데 좀 하는 행동들이
2024-04-10 18:45:15.161 #ffffff|짜증나는 게.
2024-04-10 18:45:16.192 #ffffff|-도에 좀 지나치다고 생각하시는 거죠?
2024-04-10 18:45:18.375 #ffffff|-네.
2024-04-10 18:45:19.597 #ffffff|-잘 알겠습니다.
2024-04-10 18:45:20.698 #ffffff|이 상황은 일단 아내분이 우리 MC
2024-04-10 18:45:28.460 #ffffff|가족분들이 말씀하신 이 상황들을 알고
2024-04-10 18:45:30.805 #ffffff|계세요.
2024-04-10 18:45:31.431 #ffffff|그 상식적인 기준을 모르지 않아요.
2024-04-10 18:45:36.441 #ffffff|-잘 아시네요.
2024-04-10 18:45:38.406 #ffffff|-모르지 않아요.
2024-04-10 18:45:39.089 #ffffff|그런데 뭐가 문제냐 하면 그 기준을 다
2024-04-10 18:45:41.713 #ffffff|뛰어넘을 만큼 그 남사친 오빠가 소중한
2024-04-10 18:45:44.073 #ffffff|거예요.
2024-04-10 18:45:48.174 #ffffff|남사친 오빠가 남자가 아닌 여자, 동네
2024-04-10 18:45:50.631 #ffffff|언니였어도 아마 똑같이 그랬을
2024-04-10 18:45:56.653 #ffffff|거예요.
2024-04-10 18:45:57.015 #ffffff|-똑같이.
2024-04-10 18:45:57.560 #ffffff|-그러니까 이게 남녀의 문제가 아니에요.
2024-04-10 18:45:58.569 #ffffff|그러면 이 아내분에 있어서 그 남사친
2024-04-10 18:46:00.590 #ffffff|오빠는 자꾸 남자가 집에 와서.
2024-04-10 18:46:01.961 #ffffff|그러면 무슨 소리를 하는 거야.
2024-04-10 18:46:03.273 #ffffff|나는 친오빠보다도 더 소중해.
2024-04-10 18:46:04.684 #ffffff|뭐 간이라도 떼어줄 심장이야.
2024-04-10 18:46:07.157 #ffffff|신장 필요하다고 하면 신장도 떼어줘.
2024-04-10 18:46:10.483 #ffffff|이런 심정이에요.
2024-04-10 18:46:11.146 #ffffff|여기까지는 제가 알겠어요.
2024-04-10 18:46:13.087 #ffffff|그런데 그 관계가 그 소중함이 오래 잘
2024-04-10 18:46:18.602 #ffffff|유지되려면 상황이 바뀌면 그 바뀐 상황에
2024-04-10 18:46:21.593 #ffffff|또 잘 맞추고 적응을 해야 해요.
2024-04-10 18:46:27.424 #ffffff|그런데 이건 그 오빠를 소중하게 생각하는
2024-04-10 18:46:32.247 #ffffff|마음이 결혼을 한 것 때문에 바뀌어서가
2024-04-10 18:46:36.440 #ffffff|아니라 아이도 생겼고 배우자가 생겼기
2024-04-10 18:46:39.547 #ffffff|때문에 상황에 변화가 있는 거예요.
2024-04-10 18:46:42.404 #ffffff|마음은 그대로 소중한 마음을 갖고
2024-04-10 18:46:46.432 #ffffff|있더라도 상황이 바뀌면 거기에 맞게
2024-04-10 18:46:49.900 #ffffff|조금씩 변화가 있어야 해요.
2024-04-10 18:46:55.612 #ffffff|이게 그 오빠를 소중하게 생각하지
2024-04-10 18:46:59.578 #ffffff|않아서가 아니라 남편분이 그거는 좀
2024-04-10 18:47:04.390 #ffffff|지켜주셔야지만 그 마음, 소중한 관계가
2024-04-10 18:47:08.204 #ffffff|계속 지속될 수가 있어요.
2024-04-10 18:47:09.899 #ffffff|그러니까 제가 봤을 때에는 남편이 기분이
2024-04-10 18:47:13.709 #ffffff|상하는 거예요.
2024-04-10 18:47:14.762 #ffffff|두 가지 면에서, 기본적인 의논도 안 하네?
2024-04-10 18:47:19.896 #ffffff|두 번째는 어떻게 그 상식의 기준이라는
2024-04-10 18:47:24.213 #ffffff|게, 어떻게 나한테 대는 잣대와 당신
2024-04-10 18:47:29.054 #ffffff|자신한테 대는 잣대가 어떻게 이렇게 다를
2024-04-10 18:47:31.392 #ffffff|수가 있어?
2024-04-10 18:47:32.214 #ffffff|그런데 나는 당신의 그 잣대 때문에 너무
2024-04-10 18:47:33.127 #ffffff|괴롭고 고통스러운데, 나는 너무 억울하네.
2024-04-10 18:47:37.588 #ffffff|이제 이 이야기를 하고 계시는 거라고
2024-04-10 18:47:38.624 #ffffff|생각하셔야 할 것 같아요.
2024-04-10 18:48:57.104 #ffffff|공사하시는구나.
2024-04-10 18:49:02.299 #ffffff|-물이 새는 모양이에요.
2024-04-10 18:49:03.900 #ffffff|배관이 막혔나?
2024-04-10 18:49:05.677 #ffffff|-아니, 그 변기 위치를 바꾸는.
2024-04-10 18:49:07.451 #ffffff|-위치를 바꿔?
2024-04-10 18:49:09.057 #ffffff|그럼 싹 뜯어내야지.
2024-04-10 18:49:22.210 #ffffff|-오셨어?
2024-04-10 18:49:22.578 #ffffff|-일터에?
2024-04-10 18:49:24.454 #ffffff|-여기 어떻게 알고 오셨지?
2024-04-10 18:49:27.479 #ffffff|-일하는 곳이잖아요.
2024-04-10 18:49:32.140 #ffffff|-아빠다.
2024-04-10 18:49:32.559 #ffffff|-어?
2024-04-10 18:49:37.360 #ffffff|왜 왔어?
2024-04-10 18:49:40.158 #ffffff|-그냥 심심해서 와 봤어.
2024-04-10 18:49:41.767 #ffffff|-어떻게 알고?
2024-04-10 18:49:42.915 #ffffff|-진짜 어떻게 알고.
2024-04-10 18:49:44.945 #ffffff|-지나가다가 봤어?
2024-04-10 18:49:46.519 #ffffff|-그런데 아내분도 힘드시겠어요.
2024-04-10 18:49:47.808 #ffffff|이렇게.
2024-04-10 18:49:48.605 #ffffff|-죽겠다.
2024-04-10 18:49:52.182 #ffffff|-어디에서 일한다고 하면 거기를 찾아와서
2024-04-10 18:49:56.246 #ffffff|점심을 같이 먹자.
2024-04-10 18:49:57.957 #ffffff|퇴근할 때 같이 퇴근하자.
2024-04-10 18:49:59.885 #ffffff|이렇게 여러 사람한테 이야기가 다 들리죠.
2024-04-10 18:50:02.018 #ffffff|-일하기가 좀.
2024-04-10 18:50:02.718 #ffffff|-그런 부분이 또 짜증 나서 성질내면
2024-04-10 18:50:06.986 #ffffff|말투가 좀 자기한테 안 좋은 소리 한다고.
2024-04-10 18:50:11.401 #ffffff|자꾸 자기 말 안 들어주면 일 가지 말라고
2024-04-10 18:50:14.917 #ffffff|하고 또 안 가면 왜 안 가냐, 그 여자가
2024-04-10 18:50:18.329 #ffffff|오지 말라고 했지?
2024-04-10 18:50:19.685 #ffffff|그런 식으로 하니까.
2024-04-10 18:50:21.531 #ffffff|-정말 힘들겠어요.
2024-04-10 18:50:23.038 #ffffff|-많이 부담스럽긴 하죠.
2024-04-10 18:50:27.247 #ffffff|-아니에요.
2024-04-10 18:50:28.342 #ffffff|-그런데...
2024-04-10 18:50:28.819 #ffffff|-저렇게 바쁜데.
2024-04-10 18:50:29.864 #ffffff|-휴대전화도 없는데.
2024-04-10 18:50:36.783 #ffffff|-아빠, 아빠한테 가 봐.
2024-04-10 18:50:38.831 #ffffff|나 죽을 거 같아요.
2024-04-10 18:50:40.389 #ffffff|-어떻게 해.
2024-04-10 18:50:43.389 #ffffff|-안아 봐.
2024-04-10 18:50:46.272 #ffffff|-먼지가 엄청 많을 텐데, 아기가.
2024-04-10 18:50:48.353 #ffffff|-잠깐 문 좀 닫고.
2024-04-10 18:50:51.239 #ffffff|-진짜 아기 안을 몸이 아닌데, 지금.
2024-04-10 18:50:53.791 #ffffff|-오빠 나 약 올리는 거지,
2024-04-10 18:50:57.812 #ffffff|지금?
2024-04-10 18:50:58.647 #ffffff|-왜.
2024-04-10 18:50:59.294 #ffffff|-좀 안으면 되지.
2024-04-10 18:51:05.387 #ffffff|-옷이 드러운데 애를 안으라고 하면.
2024-04-10 18:51:09.459 #ffffff|-그래, 알 배겼네.
2024-04-10 18:51:11.443 #ffffff|-어디로 가?
2024-04-10 18:51:14.915 #ffffff|-이제 살 거 같다.
2024-04-10 18:51:17.334 #ffffff|땀 흘린 거 봐.
2024-04-10 18:51:25.824 #ffffff|-자꾸 오는 거 이렇게 오는 거 불편해.
2024-04-10 18:51:28.075 #ffffff|이렇게 오는 거 안 좋아해, 다.
2024-04-10 18:51:30.345 #ffffff|사람들이.
2024-04-10 18:51:32.105 #ffffff|옷도 더럽고 아기 안아야 하고 위험한.
2024-04-10 18:51:36.334 #ffffff|-그건 맞는데 심심해서 왔다고.
2024-04-10 18:51:39.404 #ffffff|-심심하고...
2024-04-10 18:51:39.932 #ffffff|-아까도 말했잖아.
2024-04-10 18:51:40.915 #ffffff|심심해서 왔다고.
2024-04-10 18:51:53.932 #ffffff|-잘 먹네.
2024-04-10 18:51:55.159 #ffffff|-야채도 잘 먹는다.
2024-04-10 18:51:58.476 #ffffff|-버섯인가?
2024-04-10 18:51:58.888 #ffffff|-저것도 먹어?
2024-04-10 18:52:06.857 #ffffff|-또 가셔야 하는구나.
2024-04-10 18:52:13.950 #ffffff|-이렇게 자꾸 찾아오지 마.
2024-04-10 18:52:17.681 #ffffff|일하는데 눈치 보이고.
2024-04-10 18:52:19.406 #ffffff|-가만히 있는 게 아니잖.
2024-04-10 18:52:21.487 #ffffff|진짜 다른 애들 봐봐.
2024-04-10 18:52:22.758 #ffffff|다른 애들보다 더 심해.
2024-04-10 18:52:24.696 #ffffff|-진짜 너무 얌전한.
2024-04-10 18:52:25.695 #ffffff|-너무 순한데?
2024-04-10 18:52:27.157 #ffffff|-너무 얌전한데.
2024-04-10 18:52:28.268 #ffffff|-이렇게 얌전한 아기 처음 보는데.
2024-04-10 18:52:30.440 #ffffff|-진짜 다른 애들 봐봐.
2024-04-10 18:52:31.991 #ffffff|다른 애들보다 더 심해.
2024-04-10 18:52:35.501 #ffffff|-그러면 3월까지 어떻게 할 거야.
2024-04-10 18:52:37.699 #ffffff|-그런데 너무 힘들어.
2024-04-10 18:52:39.712 #ffffff|내가 몰라, 예전 몸 같지가 않아.
2024-04-10 18:52:43.227 #ffffff|나도.
2024-04-10 18:52:43.781 #ffffff|-그러면 계속 못 봐?
2024-04-10 18:52:45.424 #ffffff|못 봐야 해?
2024-04-10 18:52:47.044 #ffffff|그건 아니잖아.
2024-04-10 18:52:47.491 #ffffff|조금씩 보려고 노력은 해봐야지.
2024-04-10 18:52:48.786 #ffffff|-그런데 오빠도 봤잖아.
2024-04-10 18:52:50.008 #ffffff|아기가 너무 힘들게 하잖아.
2024-04-10 18:52:52.471 #ffffff|그건 사실이잖아.
2024-04-10 18:52:53.052 #ffffff|-어떻게 할 거야, 그러면.
2024-04-10 18:52:57.325 #ffffff|같이 아기 보고 있어, 3월까지?
2024-04-10 18:52:59.830 #ffffff|-너무 힘들다고 나도.
2024-04-10 18:53:00.748 #ffffff|뼈 마디마디가 아파 죽겠다고.
2024-04-10 18:53:02.742 #ffffff|-둘 다 힘들어.
2024-04-10 18:53:03.981 #ffffff|-그러면 어떻게 하자고.
2024-04-10 18:53:05.717 #ffffff|답이 없잖아.
2024-04-10 18:53:06.739 #ffffff|둘이 같이 봐야지, 아기.
2024-04-10 18:53:13.938 #ffffff|-알아달라고 하는 이야기인데.
2024-04-10 18:53:16.226 #ffffff|-아이 보는 걸 좀 보기 힘들어해요.
2024-04-10 18:53:20.440 #ffffff|자기 딴에는 어쩔 때 보면 하긴 하려고
2024-04-10 18:53:23.603 #ffffff|하는 것 같고 또 어쩔 때는 귀찮아
2024-04-10 18:53:27.360 #ffffff|죽겠는데 왜 나한테 오냐, 아기가.
2024-04-10 18:53:31.061 #ffffff|그냥 가만히 있지, 이런 느낌.
2024-04-10 18:53:32.851 #ffffff|제가를 봤을 때는 그래요.
2024-04-10 18:53:34.498 #ffffff|기복이 좀 심하다.
2024-04-10 18:53:36.811 #ffffff|-제가 요즘에 좀 많이 몸이 다른 대보다 더
2024-04-10 18:53:41.423 #ffffff|지치고 더 힘들고 무기력해요.
2024-04-10 18:53:44.306 #ffffff|나 힘든 부분 좀 이야기 들어주면 안
2024-04-10 18:53:47.066 #ffffff|되겠냐, 이렇게 말을 했죠.
2024-04-10 18:53:48.759 #ffffff|그런데 안 되더라고요.
2024-04-10 18:53:49.816 #ffffff|남편이 하는 말이 너만 아기 낳냐고.
2024-04-10 18:53:54.780 #ffffff|너만 힘든 척 한다고.
2024-04-10 18:53:57.128 #ffffff|-진짜요?
2024-04-10 18:53:57.752 #ffffff|-솔직히 저한테 애정이 없는 거 같아요.
2024-04-10 18:53:59.963 #ffffff|-앉아 봐.
2024-04-10 18:54:01.359 #ffffff|앉아 봐.
2024-04-10 18:54:02.414 #ffffff|앉아 봐.
2024-04-10 18:54:06.345 #ffffff|왜 울어.
2024-04-10 18:54:15.716 #ffffff|까까 줄게, 엄마가.
2024-04-10 18:54:20.300 #ffffff|-안아줘.
2024-04-10 18:54:23.542 #ffffff|-맨날 안아달라고 그러면 돼, 안 돼.
2024-04-10 18:54:32.062 #ffffff|엄마도 힘들어.
2024-04-10 18:54:33.049 #ffffff|OO아.
2024-04-10 18:54:35.558 #ffffff|왜.
2024-04-10 18:54:38.588 #ffffff|너무 힘들어.
2024-04-10 18:54:44.052 #ffffff|힘들어 죽겠어, 진짜.
2024-04-10 18:54:46.271 #ffffff|힘들어.
2024-04-10 18:54:49.122 #ffffff|제가 예전에 산후우울증이 너무 심하게
2024-04-10 18:54:51.570 #ffffff|와서 제가 진짜 미칠 것 같은 거예요,
2024-04-10 18:54:54.762 #ffffff|이게.
2024-04-10 18:54:55.259 #ffffff|다른 사람이 봐도 이게 거의 죽을 것 같은
2024-04-10 18:54:58.453 #ffffff|사람들?
2024-04-10 18:54:58.970 #ffffff|그렇게 몸이 안 좋게 느끼더라고요.
2024-04-10 18:56:08.845 #ffffff|엄마도 미치겠는데 왜 그러냐, 진짜.
2024-04-10 18:56:12.845 #ffffff|엄마도 미치겠다고 지금.
2024-04-10 18:56:30.229 #ffffff|-어떻게 해.
2024-04-10 18:56:35.720 #ffffff|-저는 그거 나 힘들었어, 그러면 어떤 점이
2024-04-10 18:56:40.076 #ffffff|힘들었어?
2024-04-10 18:56:40.478 #ffffff|오빠가 끝나고 바로 돌아올 테니까
2024-04-10 18:56:43.270 #ffffff|돌아와서 좀 아기 봐주고 너 안 힘들게 할
2024-04-10 18:56:48.744 #ffffff|테니까 그때까지 조금만 네가 참아주라.
2024-04-10 18:56:52.161 #ffffff|말을 부드럽게 하는 거 있잖아요.
2024-04-10 18:56:54.176 #ffffff|그렇게 하는 걸 원하죠.
2024-04-10 18:56:55.880 #ffffff|-그러면 어떻게 하냐고, 이것도 싫고
2024-04-10 18:56:59.303 #ffffff|저것도 싫으면.
2024-04-10 18:57:00.182 #ffffff|네가 그렇게 하는데 내가 잘해줄 그게
2024-04-10 18:57:03.434 #ffffff|있어?
2024-04-10 18:57:04.222 #ffffff|다른 사람들도 너하고 살면 돌겠더라.
2024-04-10 18:57:08.191 #ffffff|형제?
2024-04-10 18:57:08.963 #ffffff|그래.
2024-04-10 18:57:09.954 #ffffff|네가 다 연 안 끊었어, 형제?
2024-04-10 18:57:20.993 #ffffff|-엄마.
2024-04-10 18:57:21.638 #ffffff|-무슨 일 있어?
2024-04-10 18:57:22.749 #ffffff|-무슨 일 없어.
2024-04-10 18:57:28.425 #ffffff|-그런데 왜 전화해.
2024-04-10 18:57:31.128 #ffffff|-엄마.
2024-04-10 18:57:31.521 #ffffff|-응.
2024-04-10 18:57:32.032 #ffffff|-남편이란 사람은 내 말을 안 들어주고.
2024-04-10 18:57:38.233 #ffffff|-응.
2024-04-10 18:57:38.654 #ffffff|-너무 고통스러워.
2024-04-10 18:57:42.482 #ffffff|-그것 때문에 전화한 거야?
2024-04-10 18:57:43.991 #ffffff|-응.
2024-04-10 18:57:47.151 #ffffff|-엄마 뻔히 자는 거 알면서.
2024-04-10 18:57:52.641 #ffffff|나중에 통화하자.
2024-04-10 18:58:12.021 #ffffff|-새아버지.
2024-04-10 18:58:12.474 #ffffff|-아빠.
2024-04-10 18:58:12.832 #ffffff|그런데 이게 너무 고통스러우니까.
2024-04-10 18:58:18.998 #ffffff|-네가 문제라니까.
2024-04-10 18:58:20.018 #ffffff|네가 그걸 고쳐야 한다고.
2024-04-10 18:58:24.542 #ffffff|-나한테 힘이 되어준 언니니까 물어보는
2024-04-10 18:58:27.525 #ffffff|거야.
2024-04-10 18:58:28.037 #ffffff|-그런 거 물어보지 마라.
2024-04-10 18:58:30.333 #ffffff|너무 그거까지 신경쓸 겨를이 없다.
2024-04-10 18:58:33.805 #ffffff|지금 살림 사느라, 나 진짜.
2024-04-10 18:58:36.286 #ffffff|-솔직히 힘들 때 기대고 싶어도 이게 기댈
2024-04-10 18:58:40.027 #ffffff|데가 한 군데도 없어요.
2024-04-10 18:58:44.022 #ffffff|부모님한테 기대고 싶어도 부모님이 좋은
2024-04-10 18:58:45.968 #ffffff|일로 전화하지 왜 안 좋은 일로 전화하냐,
2024-04-10 18:58:50.025 #ffffff|이런 식이니까.
2024-04-10 18:58:51.020 #ffffff|기댈 수가 있는 데가 없잖아요.
2024-04-10 18:59:09.834 #ffffff|-자꾸 이렇게 오면 불편해.
2024-04-10 18:59:13.764 #ffffff|이렇게 오는 거 다 안 좋아해, 사람들이.
2024-04-10 18:59:20.795 #ffffff|-솔직히 이번에도 기대고 싶었어요.
2024-04-10 18:59:22.991 #ffffff|그런데 저한테는 아예 신경이 없어요.
2024-04-10 18:59:27.903 #ffffff|그런데 어떻게 기댈 수가 있겠어요?
2024-04-10 18:59:31.966 #ffffff|-외로울 것 같아.
2024-04-10 18:59:33.490 #ffffff|-힘들죠.
2024-04-10 18:59:40.050 #ffffff|-엄마 너무 힘들어.
2024-04-10 18:59:42.225 #ffffff|엄마 너무 힘들어.